Started GET "/" for ::1 at 2021-02-08 14:20:30 -0800

ActiveRecord::NoDatabaseError - FATAL:  database "dotify_development" does not exist:

Started POST "/__better_errors/d904684c633c9b75/variables" for ::1 at 2021-02-08 14:20:30 -0800
  [1m[35m (202.9ms)[0m  [1m[35mCREATE DATABASE "dotify_development" ENCODING = 'unicode'[0m
  ↳ bin/rails:4
  [1m[35m (69.2ms)[0m  [1m[35mCREATE DATABASE "dotify_test" ENCODING = 'unicode'[0m
  ↳ bin/rails:4
Started GET "/" for ::1 at 2021-02-08 14:21:03 -0800
Processing by StaticPagesController#root as HTML
Completed 406 Not Acceptable in 83ms (ActiveRecord: 0.0ms)



ActionController::UnknownFormat - StaticPagesController#root is missing a template for this request format and variant.
request.formats: ["text/html"]
request.variant: []
NOTE! For XHR/Ajax or API requests, this action would normally respond with 204 No Content: an empty white screen. Since you're loading it in a web browser, we assume that you expected to actually render a template, not nothing, so we're showing an error to be extra-clear. If you expect 204 No Content, carry on. That's what you'll get from an XHR or API request. Give it a shot.:

Started POST "/__better_errors/4d36b588f37ccb9f/variables" for ::1 at 2021-02-08 14:21:03 -0800
Started GET "/" for ::1 at 2021-02-08 14:22:46 -0800
Processing by StaticPagesController#root as HTML
  Rendering static_pages/root.html.erb within layouts/application
  Rendered static_pages/root.html.erb within layouts/application (1.2ms)
Completed 500 Internal Server Error in 163ms (ActiveRecord: 0.0ms)



Sprockets::FileNotFound - couldn't find file 'jquery' with type 'application/javascript'
Checked in these paths: 
  /Users/andrewcurd/Desktop/dotify/app/assets/config
  /Users/andrewcurd/Desktop/dotify/app/assets/images
  /Users/andrewcurd/Desktop/dotify/app/assets/javascripts
  /Users/andrewcurd/Desktop/dotify/app/assets/stylesheets
  /Users/andrewcurd/.rbenv/versions/2.5.1/lib/ruby/gems/2.5.0/gems/coffee-rails-4.2.2/lib/assets/javascripts
  /Users/andrewcurd/.rbenv/versions/2.5.1/lib/ruby/gems/2.5.0/gems/actioncable-5.2.4.4/lib/assets/compiled
  /Users/andrewcurd/.rbenv/versions/2.5.1/lib/ruby/gems/2.5.0/gems/activestorage-5.2.4.4/app/assets/javascripts
  /Users/andrewcurd/.rbenv/versions/2.5.1/lib/ruby/gems/2.5.0/gems/actionview-5.2.4.4/lib/assets/compiled
  /Users/andrewcurd/Desktop/dotify/node_modules:
  app/views/layouts/application.html.erb:8:in `_app_views_layouts_application_html_erb___1281286835931462362_70357991411520'

Started POST "/__better_errors/43ce675cc1fabb7f/variables" for ::1 at 2021-02-08 14:22:46 -0800
Started GET "/" for ::1 at 2021-02-08 14:27:16 -0800
Processing by StaticPagesController#root as HTML
  Rendering static_pages/root.html.erb within layouts/application
  Rendered static_pages/root.html.erb within layouts/application (1.8ms)
Completed 500 Internal Server Error in 41ms (ActiveRecord: 0.0ms)



Sprockets::FileNotFound - couldn't find file 'jquery' with type 'application/javascript'
Checked in these paths: 
  /Users/andrewcurd/Desktop/dotify/app/assets/config
  /Users/andrewcurd/Desktop/dotify/app/assets/images
  /Users/andrewcurd/Desktop/dotify/app/assets/javascripts
  /Users/andrewcurd/Desktop/dotify/app/assets/stylesheets
  /Users/andrewcurd/.rbenv/versions/2.5.1/lib/ruby/gems/2.5.0/gems/coffee-rails-4.2.2/lib/assets/javascripts
  /Users/andrewcurd/.rbenv/versions/2.5.1/lib/ruby/gems/2.5.0/gems/actioncable-5.2.4.4/lib/assets/compiled
  /Users/andrewcurd/.rbenv/versions/2.5.1/lib/ruby/gems/2.5.0/gems/activestorage-5.2.4.4/app/assets/javascripts
  /Users/andrewcurd/.rbenv/versions/2.5.1/lib/ruby/gems/2.5.0/gems/actionview-5.2.4.4/lib/assets/compiled
  /Users/andrewcurd/Desktop/dotify/node_modules:
  app/views/layouts/application.html.erb:8:in `_app_views_layouts_application_html_erb___1281286835931462362_70358044057880'

Started POST "/__better_errors/77fd5769eda262cb/variables" for ::1 at 2021-02-08 14:27:16 -0800
Started GET "/" for ::1 at 2021-02-08 14:27:18 -0800
Processing by StaticPagesController#root as HTML
  Rendering static_pages/root.html.erb within layouts/application
  Rendered static_pages/root.html.erb within layouts/application (0.5ms)
Completed 500 Internal Server Error in 27ms (ActiveRecord: 0.0ms)



Sprockets::FileNotFound - couldn't find file 'jquery' with type 'application/javascript'
Checked in these paths: 
  /Users/andrewcurd/Desktop/dotify/app/assets/config
  /Users/andrewcurd/Desktop/dotify/app/assets/images
  /Users/andrewcurd/Desktop/dotify/app/assets/javascripts
  /Users/andrewcurd/Desktop/dotify/app/assets/stylesheets
  /Users/andrewcurd/.rbenv/versions/2.5.1/lib/ruby/gems/2.5.0/gems/coffee-rails-4.2.2/lib/assets/javascripts
  /Users/andrewcurd/.rbenv/versions/2.5.1/lib/ruby/gems/2.5.0/gems/actioncable-5.2.4.4/lib/assets/compiled
  /Users/andrewcurd/.rbenv/versions/2.5.1/lib/ruby/gems/2.5.0/gems/activestorage-5.2.4.4/app/assets/javascripts
  /Users/andrewcurd/.rbenv/versions/2.5.1/lib/ruby/gems/2.5.0/gems/actionview-5.2.4.4/lib/assets/compiled
  /Users/andrewcurd/Desktop/dotify/node_modules:
  app/views/layouts/application.html.erb:8:in `_app_views_layouts_application_html_erb___1281286835931462362_70358015392080'

Started POST "/__better_errors/f61cf6b86595d864/variables" for ::1 at 2021-02-08 14:27:18 -0800
Started GET "/" for ::1 at 2021-02-08 14:30:05 -0800
Processing by StaticPagesController#root as HTML
  Rendering static_pages/root.html.erb within layouts/application
  Rendered static_pages/root.html.erb within layouts/application (0.5ms)
Completed 500 Internal Server Error in 28ms (ActiveRecord: 0.0ms)



Sprockets::FileNotFound - couldn't find file 'jquery' with type 'application/javascript'
Checked in these paths: 
  /Users/andrewcurd/Desktop/dotify/app/assets/config
  /Users/andrewcurd/Desktop/dotify/app/assets/images
  /Users/andrewcurd/Desktop/dotify/app/assets/javascripts
  /Users/andrewcurd/Desktop/dotify/app/assets/stylesheets
  /Users/andrewcurd/.rbenv/versions/2.5.1/lib/ruby/gems/2.5.0/gems/coffee-rails-4.2.2/lib/assets/javascripts
  /Users/andrewcurd/.rbenv/versions/2.5.1/lib/ruby/gems/2.5.0/gems/actioncable-5.2.4.4/lib/assets/compiled
  /Users/andrewcurd/.rbenv/versions/2.5.1/lib/ruby/gems/2.5.0/gems/activestorage-5.2.4.4/app/assets/javascripts
  /Users/andrewcurd/.rbenv/versions/2.5.1/lib/ruby/gems/2.5.0/gems/actionview-5.2.4.4/lib/assets/compiled
  /Users/andrewcurd/Desktop/dotify/node_modules:
  app/views/layouts/application.html.erb:8:in `_app_views_layouts_application_html_erb___1281286835931462362_70358075152280'

Started POST "/__better_errors/74e834ae6ab4b286/variables" for ::1 at 2021-02-08 14:30:05 -0800
Started GET "/" for ::1 at 2021-02-08 14:30:07 -0800
Processing by StaticPagesController#root as HTML
  Rendering static_pages/root.html.erb within layouts/application
  Rendered static_pages/root.html.erb within layouts/application (0.4ms)
Completed 500 Internal Server Error in 28ms (ActiveRecord: 0.0ms)



Sprockets::FileNotFound - couldn't find file 'jquery' with type 'application/javascript'
Checked in these paths: 
  /Users/andrewcurd/Desktop/dotify/app/assets/config
  /Users/andrewcurd/Desktop/dotify/app/assets/images
  /Users/andrewcurd/Desktop/dotify/app/assets/javascripts
  /Users/andrewcurd/Desktop/dotify/app/assets/stylesheets
  /Users/andrewcurd/.rbenv/versions/2.5.1/lib/ruby/gems/2.5.0/gems/coffee-rails-4.2.2/lib/assets/javascripts
  /Users/andrewcurd/.rbenv/versions/2.5.1/lib/ruby/gems/2.5.0/gems/actioncable-5.2.4.4/lib/assets/compiled
  /Users/andrewcurd/.rbenv/versions/2.5.1/lib/ruby/gems/2.5.0/gems/activestorage-5.2.4.4/app/assets/javascripts
  /Users/andrewcurd/.rbenv/versions/2.5.1/lib/ruby/gems/2.5.0/gems/actionview-5.2.4.4/lib/assets/compiled
  /Users/andrewcurd/Desktop/dotify/node_modules:
  app/views/layouts/application.html.erb:8:in `_app_views_layouts_application_html_erb___1281286835931462362_70358042583620'

Started POST "/__better_errors/511616d9c6aabf28/variables" for ::1 at 2021-02-08 14:30:07 -0800
Started GET "/" for ::1 at 2021-02-08 14:30:08 -0800
Processing by StaticPagesController#root as HTML
  Rendering static_pages/root.html.erb within layouts/application
  Rendered static_pages/root.html.erb within layouts/application (0.3ms)
Completed 500 Internal Server Error in 24ms (ActiveRecord: 0.0ms)



Sprockets::FileNotFound - couldn't find file 'jquery' with type 'application/javascript'
Checked in these paths: 
  /Users/andrewcurd/Desktop/dotify/app/assets/config
  /Users/andrewcurd/Desktop/dotify/app/assets/images
  /Users/andrewcurd/Desktop/dotify/app/assets/javascripts
  /Users/andrewcurd/Desktop/dotify/app/assets/stylesheets
  /Users/andrewcurd/.rbenv/versions/2.5.1/lib/ruby/gems/2.5.0/gems/coffee-rails-4.2.2/lib/assets/javascripts
  /Users/andrewcurd/.rbenv/versions/2.5.1/lib/ruby/gems/2.5.0/gems/actioncable-5.2.4.4/lib/assets/compiled
  /Users/andrewcurd/.rbenv/versions/2.5.1/lib/ruby/gems/2.5.0/gems/activestorage-5.2.4.4/app/assets/javascripts
  /Users/andrewcurd/.rbenv/versions/2.5.1/lib/ruby/gems/2.5.0/gems/actionview-5.2.4.4/lib/assets/compiled
  /Users/andrewcurd/Desktop/dotify/node_modules:
  app/views/layouts/application.html.erb:8:in `_app_views_layouts_application_html_erb___1281286835931462362_70358023776200'

Started POST "/__better_errors/f5e2ee13c8008895/variables" for ::1 at 2021-02-08 14:30:08 -0800
Started GET "/" for ::1 at 2021-02-08 14:30:58 -0800
Processing by StaticPagesController#root as HTML
  Rendering static_pages/root.html.erb within layouts/application
  Rendered static_pages/root.html.erb within layouts/application (0.3ms)
Completed 500 Internal Server Error in 29ms (ActiveRecord: 0.0ms)



Sprockets::FileNotFound - couldn't find file 'jquery' with type 'application/javascript'
Checked in these paths: 
  /Users/andrewcurd/Desktop/dotify/app/assets/config
  /Users/andrewcurd/Desktop/dotify/app/assets/images
  /Users/andrewcurd/Desktop/dotify/app/assets/javascripts
  /Users/andrewcurd/Desktop/dotify/app/assets/stylesheets
  /Users/andrewcurd/.rbenv/versions/2.5.1/lib/ruby/gems/2.5.0/gems/coffee-rails-4.2.2/lib/assets/javascripts
  /Users/andrewcurd/.rbenv/versions/2.5.1/lib/ruby/gems/2.5.0/gems/actioncable-5.2.4.4/lib/assets/compiled
  /Users/andrewcurd/.rbenv/versions/2.5.1/lib/ruby/gems/2.5.0/gems/activestorage-5.2.4.4/app/assets/javascripts
  /Users/andrewcurd/.rbenv/versions/2.5.1/lib/ruby/gems/2.5.0/gems/actionview-5.2.4.4/lib/assets/compiled
  /Users/andrewcurd/Desktop/dotify/node_modules:
  app/views/layouts/application.html.erb:8:in `_app_views_layouts_application_html_erb___1281286835931462362_70358041277060'

Started POST "/__better_errors/fdc1e83af37755dc/variables" for ::1 at 2021-02-08 14:30:59 -0800
Started GET "/" for ::1 at 2021-02-08 14:31:03 -0800
Processing by StaticPagesController#root as HTML
  Rendering static_pages/root.html.erb within layouts/application
  Rendered static_pages/root.html.erb within layouts/application (0.4ms)
Completed 500 Internal Server Error in 18ms (ActiveRecord: 0.0ms)



Sprockets::FileNotFound - couldn't find file 'jquery' with type 'application/javascript'
Checked in these paths: 
  /Users/andrewcurd/Desktop/dotify/app/assets/config
  /Users/andrewcurd/Desktop/dotify/app/assets/images
  /Users/andrewcurd/Desktop/dotify/app/assets/javascripts
  /Users/andrewcurd/Desktop/dotify/app/assets/stylesheets
  /Users/andrewcurd/.rbenv/versions/2.5.1/lib/ruby/gems/2.5.0/gems/coffee-rails-4.2.2/lib/assets/javascripts
  /Users/andrewcurd/.rbenv/versions/2.5.1/lib/ruby/gems/2.5.0/gems/actioncable-5.2.4.4/lib/assets/compiled
  /Users/andrewcurd/.rbenv/versions/2.5.1/lib/ruby/gems/2.5.0/gems/activestorage-5.2.4.4/app/assets/javascripts
  /Users/andrewcurd/.rbenv/versions/2.5.1/lib/ruby/gems/2.5.0/gems/actionview-5.2.4.4/lib/assets/compiled
  /Users/andrewcurd/Desktop/dotify/node_modules:
  app/views/layouts/application.html.erb:8:in `_app_views_layouts_application_html_erb___1281286835931462362_70358075066760'

Started POST "/__better_errors/261a4dee4b58c599/variables" for ::1 at 2021-02-08 14:31:03 -0800
Started GET "/" for ::1 at 2021-02-08 14:32:40 -0800
Processing by StaticPagesController#root as HTML
  Rendering static_pages/root.html.erb within layouts/application
  Rendered static_pages/root.html.erb within layouts/application (0.3ms)
Completed 500 Internal Server Error in 23ms (ActiveRecord: 0.0ms)



Sprockets::FileNotFound - couldn't find file 'jquery' with type 'application/javascript'
Checked in these paths: 
  /Users/andrewcurd/Desktop/dotify/app/assets/config
  /Users/andrewcurd/Desktop/dotify/app/assets/images
  /Users/andrewcurd/Desktop/dotify/app/assets/javascripts
  /Users/andrewcurd/Desktop/dotify/app/assets/stylesheets
  /Users/andrewcurd/.rbenv/versions/2.5.1/lib/ruby/gems/2.5.0/gems/coffee-rails-4.2.2/lib/assets/javascripts
  /Users/andrewcurd/.rbenv/versions/2.5.1/lib/ruby/gems/2.5.0/gems/actioncable-5.2.4.4/lib/assets/compiled
  /Users/andrewcurd/.rbenv/versions/2.5.1/lib/ruby/gems/2.5.0/gems/activestorage-5.2.4.4/app/assets/javascripts
  /Users/andrewcurd/.rbenv/versions/2.5.1/lib/ruby/gems/2.5.0/gems/actionview-5.2.4.4/lib/assets/compiled
  /Users/andrewcurd/Desktop/dotify/node_modules:
  app/views/layouts/application.html.erb:8:in `_app_views_layouts_application_html_erb___1281286835931462362_70357991151380'

Started POST "/__better_errors/33182de1b805649a/variables" for ::1 at 2021-02-08 14:32:40 -0800
Started GET "/" for ::1 at 2021-02-08 14:34:26 -0800
Processing by StaticPagesController#root as HTML
  Rendering static_pages/root.html.erb within layouts/application
  Rendered static_pages/root.html.erb within layouts/application (0.6ms)
Completed 500 Internal Server Error in 20ms (ActiveRecord: 0.0ms)



Sprockets::FileNotFound - couldn't find file 'jquery' with type 'application/javascript'
Checked in these paths: 
  /Users/andrewcurd/Desktop/dotify/app/assets/config
  /Users/andrewcurd/Desktop/dotify/app/assets/images
  /Users/andrewcurd/Desktop/dotify/app/assets/javascripts
  /Users/andrewcurd/Desktop/dotify/app/assets/stylesheets
  /Users/andrewcurd/.rbenv/versions/2.5.1/lib/ruby/gems/2.5.0/gems/coffee-rails-4.2.2/lib/assets/javascripts
  /Users/andrewcurd/.rbenv/versions/2.5.1/lib/ruby/gems/2.5.0/gems/actioncable-5.2.4.4/lib/assets/compiled
  /Users/andrewcurd/.rbenv/versions/2.5.1/lib/ruby/gems/2.5.0/gems/activestorage-5.2.4.4/app/assets/javascripts
  /Users/andrewcurd/.rbenv/versions/2.5.1/lib/ruby/gems/2.5.0/gems/actionview-5.2.4.4/lib/assets/compiled
  /Users/andrewcurd/Desktop/dotify/node_modules:
  app/views/layouts/application.html.erb:8:in `_app_views_layouts_application_html_erb___1281286835931462362_70358009735220'

Started POST "/__better_errors/a82f55ac5500ec1d/variables" for ::1 at 2021-02-08 14:34:27 -0800
Started GET "/" for ::1 at 2021-02-08 14:35:13 -0800
Processing by StaticPagesController#root as HTML
  Rendering static_pages/root.html.erb within layouts/application
  Rendered static_pages/root.html.erb within layouts/application (0.4ms)
Completed 500 Internal Server Error in 24ms (ActiveRecord: 0.0ms)



Sprockets::FileNotFound - couldn't find file 'jquery' with type 'application/javascript'
Checked in these paths: 
  /Users/andrewcurd/Desktop/dotify/app/assets/config
  /Users/andrewcurd/Desktop/dotify/app/assets/images
  /Users/andrewcurd/Desktop/dotify/app/assets/javascripts
  /Users/andrewcurd/Desktop/dotify/app/assets/stylesheets
  /Users/andrewcurd/.rbenv/versions/2.5.1/lib/ruby/gems/2.5.0/gems/coffee-rails-4.2.2/lib/assets/javascripts
  /Users/andrewcurd/.rbenv/versions/2.5.1/lib/ruby/gems/2.5.0/gems/actioncable-5.2.4.4/lib/assets/compiled
  /Users/andrewcurd/.rbenv/versions/2.5.1/lib/ruby/gems/2.5.0/gems/activestorage-5.2.4.4/app/assets/javascripts
  /Users/andrewcurd/.rbenv/versions/2.5.1/lib/ruby/gems/2.5.0/gems/actionview-5.2.4.4/lib/assets/compiled
  /Users/andrewcurd/Desktop/dotify/node_modules:
  app/views/layouts/application.html.erb:8:in `_app_views_layouts_application_html_erb___1281286835931462362_70358005069460'

Started POST "/__better_errors/cc1bf41ead2a40dd/variables" for ::1 at 2021-02-08 14:35:13 -0800
Started GET "/" for ::1 at 2021-02-08 14:36:53 -0800
Processing by StaticPagesController#root as HTML
  Rendering static_pages/root.html.erb within layouts/application
  Rendered static_pages/root.html.erb within layouts/application (0.3ms)
Completed 500 Internal Server Error in 19ms (ActiveRecord: 0.0ms)



Sprockets::FileNotFound - couldn't find file 'jquery' with type 'application/javascript'
Checked in these paths: 
  /Users/andrewcurd/Desktop/dotify/app/assets/config
  /Users/andrewcurd/Desktop/dotify/app/assets/images
  /Users/andrewcurd/Desktop/dotify/app/assets/javascripts
  /Users/andrewcurd/Desktop/dotify/app/assets/stylesheets
  /Users/andrewcurd/.rbenv/versions/2.5.1/lib/ruby/gems/2.5.0/gems/coffee-rails-4.2.2/lib/assets/javascripts
  /Users/andrewcurd/.rbenv/versions/2.5.1/lib/ruby/gems/2.5.0/gems/actioncable-5.2.4.4/lib/assets/compiled
  /Users/andrewcurd/.rbenv/versions/2.5.1/lib/ruby/gems/2.5.0/gems/activestorage-5.2.4.4/app/assets/javascripts
  /Users/andrewcurd/.rbenv/versions/2.5.1/lib/ruby/gems/2.5.0/gems/actionview-5.2.4.4/lib/assets/compiled
  /Users/andrewcurd/Desktop/dotify/node_modules:
  app/views/layouts/application.html.erb:8:in `_app_views_layouts_application_html_erb___1281286835931462362_70358041077240'

Started POST "/__better_errors/37b30cb772c3783a/variables" for ::1 at 2021-02-08 14:36:54 -0800
Started GET "/" for ::1 at 2021-02-08 14:37:43 -0800
Processing by StaticPagesController#root as HTML
  Rendering static_pages/root.html.erb within layouts/application
  Rendered static_pages/root.html.erb within layouts/application (0.4ms)
Completed 500 Internal Server Error in 20ms (ActiveRecord: 0.0ms)



Sprockets::FileNotFound - couldn't find file 'jquery' with type 'application/javascript'
Checked in these paths: 
  /Users/andrewcurd/Desktop/dotify/app/assets/config
  /Users/andrewcurd/Desktop/dotify/app/assets/images
  /Users/andrewcurd/Desktop/dotify/app/assets/javascripts
  /Users/andrewcurd/Desktop/dotify/app/assets/stylesheets
  /Users/andrewcurd/.rbenv/versions/2.5.1/lib/ruby/gems/2.5.0/gems/coffee-rails-4.2.2/lib/assets/javascripts
  /Users/andrewcurd/.rbenv/versions/2.5.1/lib/ruby/gems/2.5.0/gems/actioncable-5.2.4.4/lib/assets/compiled
  /Users/andrewcurd/.rbenv/versions/2.5.1/lib/ruby/gems/2.5.0/gems/activestorage-5.2.4.4/app/assets/javascripts
  /Users/andrewcurd/.rbenv/versions/2.5.1/lib/ruby/gems/2.5.0/gems/actionview-5.2.4.4/lib/assets/compiled
  /Users/andrewcurd/Desktop/dotify/node_modules:
  app/views/layouts/application.html.erb:8:in `_app_views_layouts_application_html_erb___1281286835931462362_70357993377420'

Started POST "/__better_errors/871daa47f8fbbbb3/variables" for ::1 at 2021-02-08 14:37:43 -0800
Started GET "/" for ::1 at 2021-02-08 14:39:51 -0800
Processing by StaticPagesController#root as HTML
  Rendering static_pages/root.html.erb within layouts/application
  Rendered static_pages/root.html.erb within layouts/application (0.5ms)
Completed 500 Internal Server Error in 33ms (ActiveRecord: 0.0ms)



Sprockets::FileNotFound - couldn't find file 'jquery' with type 'application/javascript'
Checked in these paths: 
  /Users/andrewcurd/Desktop/dotify/app/assets/config
  /Users/andrewcurd/Desktop/dotify/app/assets/images
  /Users/andrewcurd/Desktop/dotify/app/assets/javascripts
  /Users/andrewcurd/Desktop/dotify/app/assets/stylesheets
  /Users/andrewcurd/.rbenv/versions/2.5.1/lib/ruby/gems/2.5.0/gems/coffee-rails-4.2.2/lib/assets/javascripts
  /Users/andrewcurd/.rbenv/versions/2.5.1/lib/ruby/gems/2.5.0/gems/actioncable-5.2.4.4/lib/assets/compiled
  /Users/andrewcurd/.rbenv/versions/2.5.1/lib/ruby/gems/2.5.0/gems/activestorage-5.2.4.4/app/assets/javascripts
  /Users/andrewcurd/.rbenv/versions/2.5.1/lib/ruby/gems/2.5.0/gems/actionview-5.2.4.4/lib/assets/compiled
  /Users/andrewcurd/Desktop/dotify/node_modules:
  app/views/layouts/application.html.erb:8:in `_app_views_layouts_application_html_erb___1281286835931462362_70358015669480'

Started POST "/__better_errors/16835c3f931b83c6/variables" for ::1 at 2021-02-08 14:39:51 -0800
Started POST "/__better_errors/16835c3f931b83c6/variables" for ::1 at 2021-02-08 14:39:58 -0800
Started GET "/" for ::1 at 2021-02-08 14:42:50 -0800
Processing by StaticPagesController#root as HTML
  Rendering static_pages/root.html.erb within layouts/application
  Rendered static_pages/root.html.erb within layouts/application (1.8ms)
Completed 200 OK in 2010ms (Views: 2006.9ms | ActiveRecord: 0.0ms)


Started GET "/" for ::1 at 2021-02-08 14:45:03 -0800
Processing by StaticPagesController#root as HTML
  Rendering static_pages/root.html.erb within layouts/application
  Rendered static_pages/root.html.erb within layouts/application (0.3ms)
Completed 200 OK in 35ms (Views: 33.1ms | ActiveRecord: 0.0ms)


Started GET "/" for ::1 at 2021-02-08 14:45:04 -0800
Processing by StaticPagesController#root as HTML
  Rendering static_pages/root.html.erb within layouts/application
  Rendered static_pages/root.html.erb within layouts/application (0.4ms)
Completed 200 OK in 26ms (Views: 24.1ms | ActiveRecord: 0.0ms)


Started GET "/" for ::1 at 2021-02-08 14:46:03 -0800
Processing by StaticPagesController#root as HTML
  Rendering static_pages/root.html.erb within layouts/application
  Rendered static_pages/root.html.erb within layouts/application (0.5ms)
Completed 200 OK in 558ms (Views: 554.4ms | ActiveRecord: 0.0ms)


Started GET "/" for ::1 at 2021-02-08 14:46:42 -0800
Processing by StaticPagesController#root as HTML
  Rendering static_pages/root.html.erb within layouts/application
  Rendered static_pages/root.html.erb within layouts/application (0.4ms)
Completed 200 OK in 523ms (Views: 520.8ms | ActiveRecord: 0.0ms)


  [1m[35m (48.1ms)[0m  [1m[35mCREATE TABLE "schema_migrations" ("version" character varying NOT NULL PRIMARY KEY)[0m
  ↳ bin/rails:4
  [1m[35m (6.9ms)[0m  [1m[35mCREATE TABLE "ar_internal_metadata" ("key" character varying NOT NULL PRIMARY KEY, "value" character varying, "created_at" timestamp NOT NULL, "updated_at" timestamp NOT NULL)[0m
  ↳ bin/rails:4
  [1m[35m (0.5ms)[0m  [1m[34mSELECT pg_try_advisory_lock(5986601103686592690)[0m
  ↳ bin/rails:4
  [1m[35m (0.6ms)[0m  [1m[34mSELECT "schema_migrations"."version" FROM "schema_migrations" ORDER BY "schema_migrations"."version" ASC[0m
  ↳ bin/rails:4
Migrating to CreateUsers (20210208225322)
  [1m[35m (0.2ms)[0m  [1m[34mSELECT pg_advisory_unlock(5986601103686592690)[0m
  ↳ bin/rails:4
  [1m[35m (0.2ms)[0m  [1m[34mSELECT pg_try_advisory_lock(5986601103686592690)[0m
  ↳ bin/rails:4
  [1m[35m (1.0ms)[0m  [1m[34mSELECT "schema_migrations"."version" FROM "schema_migrations" ORDER BY "schema_migrations"."version" ASC[0m
  ↳ bin/rails:4
Migrating to CreateUsers (20210208225322)
  [1m[35m (2.8ms)[0m  [1m[35mBEGIN[0m
  ↳ bin/rails:4
  [1m[35m (15.6ms)[0m  [1m[35mCREATE TABLE "users" ("id" bigserial primary key, "username" character varying NOT NULL, "email" character varying NOT NULL, "password_digest" character varying NOT NULL, "session_token" character varying NOT NULL, "created_at" timestamp NOT NULL, "updated_at" timestamp NOT NULL)[0m
  ↳ db/migrate/20210208225322_create_users.rb:3
  [1m[35m (3.8ms)[0m  [1m[35mCREATE UNIQUE INDEX  "index_users_on_username" ON "users"  ("username")[0m
  ↳ db/migrate/20210208225322_create_users.rb:10
  [1m[35m (1.3ms)[0m  [1m[35mCREATE UNIQUE INDEX  "index_users_on_email" ON "users"  ("email")[0m
  ↳ db/migrate/20210208225322_create_users.rb:11
  [1m[35m (3.2ms)[0m  [1m[35mCREATE UNIQUE INDEX  "index_users_on_session_token" ON "users"  ("session_token")[0m
  ↳ db/migrate/20210208225322_create_users.rb:12
  [1m[36mActiveRecord::SchemaMigration Create (5.8ms)[0m  [1m[32mINSERT INTO "schema_migrations" ("version") VALUES ($1) RETURNING "version"[0m  [["version", "20210208225322"]]
  ↳ bin/rails:4
  [1m[35m (0.4ms)[0m  [1m[35mCOMMIT[0m
  ↳ bin/rails:4
  [1m[36mActiveRecord::InternalMetadata Load (1.7ms)[0m  [1m[34mSELECT  "ar_internal_metadata".* FROM "ar_internal_metadata" WHERE "ar_internal_metadata"."key" = $1 LIMIT $2[0m  [["key", "environment"], ["LIMIT", 1]]
  ↳ bin/rails:4
  [1m[35m (0.2ms)[0m  [1m[35mBEGIN[0m
  ↳ bin/rails:4
  [1m[36mActiveRecord::InternalMetadata Create (2.7ms)[0m  [1m[32mINSERT INTO "ar_internal_metadata" ("key", "value", "created_at", "updated_at") VALUES ($1, $2, $3, $4) RETURNING "key"[0m  [["key", "environment"], ["value", "development"], ["created_at", "2021-02-08 22:59:44.098968"], ["updated_at", "2021-02-08 22:59:44.098968"]]
  ↳ bin/rails:4
  [1m[35m (0.4ms)[0m  [1m[35mCOMMIT[0m
  ↳ bin/rails:4
  [1m[35m (0.3ms)[0m  [1m[34mSELECT pg_advisory_unlock(5986601103686592690)[0m
  ↳ bin/rails:4
  [1m[35m (0.2ms)[0m  [1m[34mSELECT "schema_migrations"."version" FROM "schema_migrations" ORDER BY "schema_migrations"."version" ASC[0m
  ↳ bin/rails:4
  [1m[36mUser Load (3.3ms)[0m  [1m[34mSELECT "users".* FROM "users"[0m
Started GET "/" for ::1 at 2021-02-08 15:38:00 -0800
  [1m[35m (2.8ms)[0m  [1m[34mSELECT "schema_migrations"."version" FROM "schema_migrations" ORDER BY "schema_migrations"."version" ASC[0m
  ↳ /Users/andrewcurd/.rbenv/versions/2.5.1/lib/ruby/gems/2.5.0/gems/activerecord-5.2.4.4/lib/active_record/log_subscriber.rb:98
Processing by StaticPagesController#root as HTML
  Rendering static_pages/root.html.erb within layouts/application
  Rendered static_pages/root.html.erb within layouts/application (0.5ms)
Completed 200 OK in 562ms (Views: 558.6ms | ActiveRecord: 0.0ms)


Started GET "/" for ::1 at 2021-02-08 16:04:54 -0800
Processing by StaticPagesController#root as HTML
  Rendering static_pages/root.html.erb within layouts/application
  Rendered static_pages/root.html.erb within layouts/application (2.5ms)
Completed 200 OK in 145ms (Views: 136.2ms | ActiveRecord: 0.0ms)


Started GET "/" for ::1 at 2021-02-08 16:13:46 -0800
Processing by StaticPagesController#root as HTML
  Rendering static_pages/root.html.erb within layouts/application
  Rendered static_pages/root.html.erb within layouts/application (0.3ms)
Completed 200 OK in 595ms (Views: 591.4ms | ActiveRecord: 0.0ms)


Started GET "/" for ::1 at 2021-02-08 16:14:33 -0800
Processing by StaticPagesController#root as HTML
  Rendering static_pages/root.html.erb within layouts/application
  Rendered static_pages/root.html.erb within layouts/application (0.4ms)
Completed 200 OK in 711ms (Views: 708.3ms | ActiveRecord: 0.0ms)


Started GET "/" for ::1 at 2021-02-08 16:20:32 -0800
Processing by StaticPagesController#root as HTML
  Rendering static_pages/root.html.erb within layouts/application
  Rendered static_pages/root.html.erb within layouts/application (0.5ms)
Completed 200 OK in 625ms (Views: 622.8ms | ActiveRecord: 0.0ms)


Started GET "/" for ::1 at 2021-02-08 16:24:34 -0800
Processing by StaticPagesController#root as HTML
  Rendering static_pages/root.html.erb within layouts/application
  Rendered static_pages/root.html.erb within layouts/application (0.6ms)
Completed 200 OK in 668ms (Views: 665.2ms | ActiveRecord: 0.0ms)


Started GET "/" for ::1 at 2021-02-08 16:24:52 -0800
Processing by StaticPagesController#root as HTML
  Rendering static_pages/root.html.erb within layouts/application
  Rendered static_pages/root.html.erb within layouts/application (0.4ms)
Completed 200 OK in 667ms (Views: 664.6ms | ActiveRecord: 0.0ms)


Started GET "/" for ::1 at 2021-02-08 16:25:12 -0800
Processing by StaticPagesController#root as HTML
  Rendering static_pages/root.html.erb within layouts/application
  Rendered static_pages/root.html.erb within layouts/application (0.3ms)
Completed 200 OK in 659ms (Views: 655.5ms | ActiveRecord: 0.0ms)


Started GET "/" for ::1 at 2021-02-08 16:26:03 -0800
Processing by StaticPagesController#root as HTML
  Rendering static_pages/root.html.erb within layouts/application
  Rendered static_pages/root.html.erb within layouts/application (0.3ms)
Completed 200 OK in 711ms (Views: 708.9ms | ActiveRecord: 0.0ms)


Started GET "/" for ::1 at 2021-02-08 16:28:28 -0800
Processing by StaticPagesController#root as HTML
  Rendering static_pages/root.html.erb within layouts/application
  Rendered static_pages/root.html.erb within layouts/application (0.4ms)
Completed 200 OK in 33ms (Views: 29.5ms | ActiveRecord: 0.0ms)


Started GET "/" for ::1 at 2021-02-08 16:29:17 -0800
Processing by StaticPagesController#root as HTML
  Rendering static_pages/root.html.erb within layouts/application
  Rendered static_pages/root.html.erb within layouts/application (0.4ms)
Completed 200 OK in 672ms (Views: 669.1ms | ActiveRecord: 0.0ms)


Started GET "/" for ::1 at 2021-02-08 16:29:42 -0800
Processing by StaticPagesController#root as HTML
  Rendering static_pages/root.html.erb within layouts/application
  Rendered static_pages/root.html.erb within layouts/application (0.3ms)
Completed 200 OK in 653ms (Views: 649.7ms | ActiveRecord: 0.0ms)


Started GET "/" for ::1 at 2021-02-08 16:31:32 -0800
Processing by StaticPagesController#root as HTML
  Rendering static_pages/root.html.erb within layouts/application
  Rendered static_pages/root.html.erb within layouts/application (0.4ms)
Completed 200 OK in 647ms (Views: 644.4ms | ActiveRecord: 0.0ms)


Started GET "/" for ::1 at 2021-02-08 16:31:40 -0800
Processing by StaticPagesController#root as HTML
  Rendering static_pages/root.html.erb within layouts/application
  Rendered static_pages/root.html.erb within layouts/application (0.3ms)
Completed 200 OK in 28ms (Views: 24.9ms | ActiveRecord: 0.0ms)


Started GET "/" for ::1 at 2021-02-08 16:36:21 -0800
Processing by StaticPagesController#root as HTML
  Rendering static_pages/root.html.erb within layouts/application
  Rendered static_pages/root.html.erb within layouts/application (3.1ms)
Completed 200 OK in 748ms (Views: 742.6ms | ActiveRecord: 0.0ms)


Started GET "/" for ::1 at 2021-02-08 16:39:23 -0800
Processing by StaticPagesController#root as HTML
  Rendering static_pages/root.html.erb within layouts/application
  Rendered static_pages/root.html.erb within layouts/application (0.4ms)
Completed 200 OK in 656ms (Views: 653.8ms | ActiveRecord: 0.0ms)


Started GET "/" for ::1 at 2021-02-08 16:40:42 -0800
Processing by StaticPagesController#root as HTML
  Rendering static_pages/root.html.erb within layouts/application
  Rendered static_pages/root.html.erb within layouts/application (0.5ms)
Completed 200 OK in 624ms (Views: 621.2ms | ActiveRecord: 0.0ms)


Started GET "/" for ::1 at 2021-02-08 16:42:23 -0800
Processing by StaticPagesController#root as HTML
  Rendering static_pages/root.html.erb within layouts/application
  Rendered static_pages/root.html.erb within layouts/application (0.9ms)
Completed 200 OK in 694ms (Views: 689.1ms | ActiveRecord: 0.0ms)


Started GET "/" for ::1 at 2021-02-08 16:45:54 -0800
Processing by StaticPagesController#root as HTML
  Rendering static_pages/root.html.erb within layouts/application
  Rendered static_pages/root.html.erb within layouts/application (0.5ms)
Completed 200 OK in 651ms (Views: 648.2ms | ActiveRecord: 0.0ms)


Started GET "/" for ::1 at 2021-02-08 16:46:23 -0800
Processing by StaticPagesController#root as HTML
  Rendering static_pages/root.html.erb within layouts/application
  Rendered static_pages/root.html.erb within layouts/application (0.5ms)
Completed 200 OK in 47ms (Views: 43.9ms | ActiveRecord: 0.0ms)


Started GET "/" for ::1 at 2021-02-08 16:46:31 -0800
Processing by StaticPagesController#root as HTML
  Rendering static_pages/root.html.erb within layouts/application
  Rendered static_pages/root.html.erb within layouts/application (0.4ms)
Completed 200 OK in 28ms (Views: 25.8ms | ActiveRecord: 0.0ms)


Started GET "/" for ::1 at 2021-02-08 16:46:49 -0800
Processing by StaticPagesController#root as HTML
  Rendering static_pages/root.html.erb within layouts/application
  Rendered static_pages/root.html.erb within layouts/application (0.3ms)
Completed 200 OK in 654ms (Views: 652.3ms | ActiveRecord: 0.0ms)


Started GET "/" for ::1 at 2021-02-08 16:52:25 -0800
Processing by StaticPagesController#root as HTML
  Rendering static_pages/root.html.erb within layouts/application
  Rendered static_pages/root.html.erb within layouts/application (0.4ms)
Completed 200 OK in 678ms (Views: 675.7ms | ActiveRecord: 0.0ms)


Started GET "/" for ::1 at 2021-02-08 16:52:29 -0800
Processing by StaticPagesController#root as HTML
  Rendering static_pages/root.html.erb within layouts/application
  Rendered static_pages/root.html.erb within layouts/application (0.3ms)
Completed 200 OK in 28ms (Views: 25.2ms | ActiveRecord: 0.0ms)


Started GET "/" for ::1 at 2021-02-08 16:52:31 -0800
Processing by StaticPagesController#root as HTML
  Rendering static_pages/root.html.erb within layouts/application
  Rendered static_pages/root.html.erb within layouts/application (0.3ms)
Completed 200 OK in 28ms (Views: 26.3ms | ActiveRecord: 0.0ms)


Started GET "/" for ::1 at 2021-02-08 16:52:48 -0800
Processing by StaticPagesController#root as HTML
  Rendering static_pages/root.html.erb within layouts/application
  Rendered static_pages/root.html.erb within layouts/application (0.6ms)
Completed 200 OK in 755ms (Views: 750.8ms | ActiveRecord: 0.0ms)


Started GET "/" for ::1 at 2021-02-08 16:53:11 -0800
Processing by StaticPagesController#root as HTML
  Rendering static_pages/root.html.erb within layouts/application
  Rendered static_pages/root.html.erb within layouts/application (0.3ms)
Completed 200 OK in 40ms (Views: 36.8ms | ActiveRecord: 0.0ms)


Started GET "/" for ::1 at 2021-02-08 16:53:32 -0800
Processing by StaticPagesController#root as HTML
  Rendering static_pages/root.html.erb within layouts/application
  Rendered static_pages/root.html.erb within layouts/application (0.4ms)
Completed 200 OK in 664ms (Views: 661.6ms | ActiveRecord: 0.0ms)


Started GET "/google.com" for ::1 at 2021-02-08 16:53:33 -0800
  
ActionController::RoutingError (No route matches [GET] "/google.com"):
  
actionpack (5.2.4.4) lib/action_dispatch/middleware/debug_exceptions.rb:65:in `call'
web-console (3.7.0) lib/web_console/middleware.rb:135:in `call_app'
web-console (3.7.0) lib/web_console/middleware.rb:30:in `block in call'
web-console (3.7.0) lib/web_console/middleware.rb:20:in `catch'
web-console (3.7.0) lib/web_console/middleware.rb:20:in `call'
actionpack (5.2.4.4) lib/action_dispatch/middleware/show_exceptions.rb:33:in `call'
railties (5.2.4.4) lib/rails/rack/logger.rb:38:in `call_app'
railties (5.2.4.4) lib/rails/rack/logger.rb:26:in `block in call'
activesupport (5.2.4.4) lib/active_support/tagged_logging.rb:71:in `block in tagged'
activesupport (5.2.4.4) lib/active_support/tagged_logging.rb:28:in `tagged'
activesupport (5.2.4.4) lib/active_support/tagged_logging.rb:71:in `tagged'
railties (5.2.4.4) lib/rails/rack/logger.rb:26:in `call'
sprockets-rails (3.2.2) lib/sprockets/rails/quiet_assets.rb:13:in `call'
actionpack (5.2.4.4) lib/action_dispatch/middleware/remote_ip.rb:81:in `call'
actionpack (5.2.4.4) lib/action_dispatch/middleware/request_id.rb:27:in `call'
rack (2.2.3) lib/rack/method_override.rb:24:in `call'
rack (2.2.3) lib/rack/runtime.rb:22:in `call'
activesupport (5.2.4.4) lib/active_support/cache/strategy/local_cache_middleware.rb:29:in `call'
actionpack (5.2.4.4) lib/action_dispatch/middleware/executor.rb:14:in `call'
actionpack (5.2.4.4) lib/action_dispatch/middleware/static.rb:127:in `call'
rack (2.2.3) lib/rack/sendfile.rb:110:in `call'
railties (5.2.4.4) lib/rails/engine.rb:524:in `call'
puma (3.12.6) lib/puma/configuration.rb:227:in `call'
puma (3.12.6) lib/puma/server.rb:706:in `handle_request'
puma (3.12.6) lib/puma/server.rb:476:in `process_client'
puma (3.12.6) lib/puma/server.rb:334:in `block in run'
puma (3.12.6) lib/puma/thread_pool.rb:135:in `block in spawn_thread'
Started GET "/" for ::1 at 2021-02-08 16:53:54 -0800
Processing by StaticPagesController#root as HTML
  Rendering static_pages/root.html.erb within layouts/application
  Rendered static_pages/root.html.erb within layouts/application (1.6ms)
Completed 200 OK in 728ms (Views: 725.2ms | ActiveRecord: 0.0ms)


Started GET "/www.google.com" for ::1 at 2021-02-08 16:53:55 -0800
  
ActionController::RoutingError (No route matches [GET] "/www.google.com"):
  
actionpack (5.2.4.4) lib/action_dispatch/middleware/debug_exceptions.rb:65:in `call'
web-console (3.7.0) lib/web_console/middleware.rb:135:in `call_app'
web-console (3.7.0) lib/web_console/middleware.rb:30:in `block in call'
web-console (3.7.0) lib/web_console/middleware.rb:20:in `catch'
web-console (3.7.0) lib/web_console/middleware.rb:20:in `call'
actionpack (5.2.4.4) lib/action_dispatch/middleware/show_exceptions.rb:33:in `call'
railties (5.2.4.4) lib/rails/rack/logger.rb:38:in `call_app'
railties (5.2.4.4) lib/rails/rack/logger.rb:26:in `block in call'
activesupport (5.2.4.4) lib/active_support/tagged_logging.rb:71:in `block in tagged'
activesupport (5.2.4.4) lib/active_support/tagged_logging.rb:28:in `tagged'
activesupport (5.2.4.4) lib/active_support/tagged_logging.rb:71:in `tagged'
railties (5.2.4.4) lib/rails/rack/logger.rb:26:in `call'
sprockets-rails (3.2.2) lib/sprockets/rails/quiet_assets.rb:13:in `call'
actionpack (5.2.4.4) lib/action_dispatch/middleware/remote_ip.rb:81:in `call'
actionpack (5.2.4.4) lib/action_dispatch/middleware/request_id.rb:27:in `call'
rack (2.2.3) lib/rack/method_override.rb:24:in `call'
rack (2.2.3) lib/rack/runtime.rb:22:in `call'
activesupport (5.2.4.4) lib/active_support/cache/strategy/local_cache_middleware.rb:29:in `call'
actionpack (5.2.4.4) lib/action_dispatch/middleware/executor.rb:14:in `call'
actionpack (5.2.4.4) lib/action_dispatch/middleware/static.rb:127:in `call'
rack (2.2.3) lib/rack/sendfile.rb:110:in `call'
railties (5.2.4.4) lib/rails/engine.rb:524:in `call'
puma (3.12.6) lib/puma/configuration.rb:227:in `call'
puma (3.12.6) lib/puma/server.rb:706:in `handle_request'
puma (3.12.6) lib/puma/server.rb:476:in `process_client'
puma (3.12.6) lib/puma/server.rb:334:in `block in run'
puma (3.12.6) lib/puma/thread_pool.rb:135:in `block in spawn_thread'
Started GET "/" for ::1 at 2021-02-08 16:55:08 -0800
Processing by StaticPagesController#root as HTML
  Rendering static_pages/root.html.erb within layouts/application
  Rendered static_pages/root.html.erb within layouts/application (0.4ms)
Completed 200 OK in 674ms (Views: 670.9ms | ActiveRecord: 0.0ms)


Started GET "/" for ::1 at 2021-02-08 16:55:21 -0800
Processing by StaticPagesController#root as HTML
  Rendering static_pages/root.html.erb within layouts/application
  Rendered static_pages/root.html.erb within layouts/application (0.3ms)
Completed 200 OK in 35ms (Views: 31.5ms | ActiveRecord: 0.0ms)


Started GET "/" for ::1 at 2021-02-08 16:56:48 -0800
Processing by StaticPagesController#root as HTML
  Rendering static_pages/root.html.erb within layouts/application
  Rendered static_pages/root.html.erb within layouts/application (0.3ms)
Completed 200 OK in 28ms (Views: 24.4ms | ActiveRecord: 0.0ms)


Started GET "/" for ::1 at 2021-02-08 16:56:58 -0800
Processing by StaticPagesController#root as HTML
  Rendering static_pages/root.html.erb within layouts/application
  Rendered static_pages/root.html.erb within layouts/application (0.3ms)
Completed 200 OK in 29ms (Views: 27.1ms | ActiveRecord: 0.0ms)


Started GET "/" for ::1 at 2021-02-08 16:57:26 -0800
Processing by StaticPagesController#root as HTML
  Rendering static_pages/root.html.erb within layouts/application
  Rendered static_pages/root.html.erb within layouts/application (0.3ms)
Completed 200 OK in 651ms (Views: 648.3ms | ActiveRecord: 0.0ms)


Started GET "/" for ::1 at 2021-02-08 16:57:34 -0800
Processing by StaticPagesController#root as HTML
  Rendering static_pages/root.html.erb within layouts/application
  Rendered static_pages/root.html.erb within layouts/application (1.3ms)
Completed 200 OK in 37ms (Views: 33.8ms | ActiveRecord: 0.0ms)


Started GET "/" for ::1 at 2021-02-08 17:01:29 -0800
Processing by StaticPagesController#root as HTML
  Rendering static_pages/root.html.erb within layouts/application
  Rendered static_pages/root.html.erb within layouts/application (0.3ms)
Completed 200 OK in 680ms (Views: 676.5ms | ActiveRecord: 0.0ms)


Started GET "/" for ::1 at 2021-02-08 17:09:50 -0800
Processing by StaticPagesController#root as HTML
  Rendering static_pages/root.html.erb within layouts/application
  Rendered static_pages/root.html.erb within layouts/application (0.8ms)
Completed 200 OK in 679ms (Views: 675.6ms | ActiveRecord: 0.0ms)


Started GET "/" for ::1 at 2021-02-08 17:10:04 -0800
Processing by StaticPagesController#root as */*
  Rendering static_pages/root.html.erb within layouts/application
  Rendered static_pages/root.html.erb within layouts/application (0.3ms)
Completed 200 OK in 73ms (Views: 44.0ms | ActiveRecord: 0.0ms)


Started POST "/api/session" for ::1 at 2021-02-08 17:12:48 -0800

ActionController::RoutingError - uninitialized constant Api::SessionsController:

Started POST "/api/users" for ::1 at 2021-02-08 17:13:33 -0800
Processing by Api::UsersController#create as JSON
  Parameters: {"username"=>"a2", "password"=>"[FILTERED]"}
Completed 400 Bad Request in 8ms (ActiveRecord: 0.0ms)



ActionController::ParameterMissing - param is missing or the value is empty: user:
  app/controllers/api/users_controller.rb:15:in `user_params'
  app/controllers/api/users_controller.rb:3:in `create'

Started POST "/api/users" for ::1 at 2021-02-08 17:16:07 -0800
Processing by Api::UsersController#create as JSON
  Parameters: {"username"=>"a2", "password"=>"[FILTERED]"}
Completed 400 Bad Request in 3ms (ActiveRecord: 0.0ms)



ActionController::ParameterMissing - param is missing or the value is empty: user:
  app/controllers/api/users_controller.rb:15:in `user_params'
  app/controllers/api/users_controller.rb:3:in `create'

Started GET "/" for ::1 at 2021-02-08 17:18:36 -0800
Processing by StaticPagesController#root as HTML
  Rendering static_pages/root.html.erb within layouts/application
  Rendered static_pages/root.html.erb within layouts/application (2.2ms)
Completed 200 OK in 64ms (Views: 55.1ms | ActiveRecord: 0.0ms)


Started POST "/api/users" for ::1 at 2021-02-08 17:18:38 -0800
Processing by Api::UsersController#create as JSON
  Parameters: {"username"=>"a2", "password"=>"[FILTERED]"}
Completed 400 Bad Request in 4ms (ActiveRecord: 0.0ms)



ActionController::ParameterMissing - param is missing or the value is empty: user:
  app/controllers/api/users_controller.rb:15:in `user_params'
  app/controllers/api/users_controller.rb:3:in `create'

Started POST "/api/users" for ::1 at 2021-02-08 17:20:12 -0800
Processing by Api::UsersController#create as JSON
  Parameters: {"user"=>{"username"=>"a2", "password"=>"[FILTERED]"}}
Completed 500 Internal Server Error in 101ms (ActiveRecord: 32.1ms)



NameError - uninitialized constant User::BCrypt:
  app/models/user.rb:21:in `password='
  app/controllers/api/users_controller.rb:3:in `create'

Started GET "/" for ::1 at 2021-02-08 17:20:15 -0800
Processing by StaticPagesController#root as HTML
  Rendering static_pages/root.html.erb within layouts/application
  Rendered static_pages/root.html.erb within layouts/application (0.5ms)
Completed 200 OK in 48ms (Views: 43.7ms | ActiveRecord: 0.0ms)


Started POST "/api/users" for ::1 at 2021-02-08 17:20:19 -0800
Processing by Api::UsersController#create as JSON
  Parameters: {"user"=>{"username"=>"a2", "password"=>"[FILTERED]"}}
Completed 500 Internal Server Error in 5ms (ActiveRecord: 0.0ms)



NameError - uninitialized constant User::BCrypt:
  app/models/user.rb:21:in `password='
  app/controllers/api/users_controller.rb:3:in `create'

Started GET "/" for ::1 at 2021-02-08 17:22:54 -0800
  [1m[35m (1.7ms)[0m  [1m[34mSELECT "schema_migrations"."version" FROM "schema_migrations" ORDER BY "schema_migrations"."version" ASC[0m
  ↳ /Users/andrewcurd/.rbenv/versions/2.5.1/lib/ruby/gems/2.5.0/gems/activerecord-5.2.4.4/lib/active_record/log_subscriber.rb:98
Processing by StaticPagesController#root as HTML
  Rendering static_pages/root.html.erb within layouts/application
  Rendered static_pages/root.html.erb within layouts/application (1.4ms)
Completed 200 OK in 1424ms (Views: 1420.9ms | ActiveRecord: 0.0ms)


Started POST "/api/users" for ::1 at 2021-02-08 17:22:58 -0800
Processing by Api::UsersController#create as JSON
  Parameters: {"user"=>{"username"=>"a2", "password"=>"[FILTERED]"}}
  [1m[35m (0.2ms)[0m  [1m[35mBEGIN[0m
  ↳ app/controllers/api/users_controller.rb:4
  [1m[36mUser Exists (4.9ms)[0m  [1m[34mSELECT  1 AS one FROM "users" WHERE "users"."username" = $1 LIMIT $2[0m  [["username", "a2"], ["LIMIT", 1]]
  ↳ app/controllers/api/users_controller.rb:4
  [1m[36mUser Exists (0.4ms)[0m  [1m[34mSELECT  1 AS one FROM "users" WHERE "users"."email" IS NULL LIMIT $1[0m  [["LIMIT", 1]]
  ↳ app/controllers/api/users_controller.rb:4
  [1m[36mUser Exists (0.4ms)[0m  [1m[34mSELECT  1 AS one FROM "users" WHERE "users"."session_token" = $1 LIMIT $2[0m  [["session_token", "VR7rZx9eqlmwMkdq58DNUg=="], ["LIMIT", 1]]
  ↳ app/controllers/api/users_controller.rb:4
  [1m[35m (0.3ms)[0m  [1m[31mROLLBACK[0m
  ↳ app/controllers/api/users_controller.rb:4
Completed 401 Unauthorized in 262ms (Views: 0.2ms | ActiveRecord: 17.2ms)


Started GET "/" for ::1 at 2021-02-08 17:25:07 -0800
Processing by StaticPagesController#root as HTML
  Rendering static_pages/root.html.erb within layouts/application
  Rendered static_pages/root.html.erb within layouts/application (0.5ms)
Completed 200 OK in 45ms (Views: 41.3ms | ActiveRecord: 0.0ms)


Started POST "/api/users" for ::1 at 2021-02-08 17:25:10 -0800
Processing by Api::UsersController#create as JSON
  Parameters: {"user"=>{"username"=>"a2", "password"=>"[FILTERED]"}}
  [1m[35m (0.2ms)[0m  [1m[35mBEGIN[0m
  ↳ app/controllers/api/users_controller.rb:4
  [1m[36mUser Exists (0.3ms)[0m  [1m[34mSELECT  1 AS one FROM "users" WHERE "users"."username" = $1 LIMIT $2[0m  [["username", "a2"], ["LIMIT", 1]]
  ↳ app/controllers/api/users_controller.rb:4
  [1m[36mUser Exists (0.4ms)[0m  [1m[34mSELECT  1 AS one FROM "users" WHERE "users"."email" IS NULL LIMIT $1[0m  [["LIMIT", 1]]
  ↳ app/controllers/api/users_controller.rb:4
  [1m[36mUser Exists (0.2ms)[0m  [1m[34mSELECT  1 AS one FROM "users" WHERE "users"."session_token" = $1 LIMIT $2[0m  [["session_token", "zVHJyy7/Acl1rmwIg1IOLw=="], ["LIMIT", 1]]
  ↳ app/controllers/api/users_controller.rb:4
  [1m[35m (0.1ms)[0m  [1m[31mROLLBACK[0m
  ↳ app/controllers/api/users_controller.rb:4
Completed 401 Unauthorized in 242ms (Views: 0.1ms | ActiveRecord: 15.3ms)


Started POST "/api/users" for ::1 at 2021-02-08 17:26:26 -0800
  [1m[35m (1.0ms)[0m  [1m[34mSELECT "schema_migrations"."version" FROM "schema_migrations" ORDER BY "schema_migrations"."version" ASC[0m
  ↳ /Users/andrewcurd/.rbenv/versions/2.5.1/lib/ruby/gems/2.5.0/gems/activerecord-5.2.4.4/lib/active_record/log_subscriber.rb:98
Processing by Api::UsersController#create as JSON
  Parameters: {"user"=>{"username"=>"a2", "password"=>"[FILTERED]"}}
  [1m[35m (0.2ms)[0m  [1m[35mBEGIN[0m
  ↳ app/controllers/api/users_controller.rb:4
  [1m[36mUser Exists (0.8ms)[0m  [1m[34mSELECT  1 AS one FROM "users" WHERE "users"."username" = $1 LIMIT $2[0m  [["username", "a2"], ["LIMIT", 1]]
  ↳ app/controllers/api/users_controller.rb:4
  [1m[36mUser Exists (0.8ms)[0m  [1m[34mSELECT  1 AS one FROM "users" WHERE "users"."email" IS NULL LIMIT $1[0m  [["LIMIT", 1]]
  ↳ app/controllers/api/users_controller.rb:4
  [1m[36mUser Exists (0.5ms)[0m  [1m[34mSELECT  1 AS one FROM "users" WHERE "users"."session_token" = $1 LIMIT $2[0m  [["session_token", "Yx5nth0vsQBUntIeZAHqpw=="], ["LIMIT", 1]]
  ↳ app/controllers/api/users_controller.rb:4
  [1m[35m (0.2ms)[0m  [1m[31mROLLBACK[0m
  ↳ app/controllers/api/users_controller.rb:4
Completed 401 Unauthorized in 250ms (Views: 0.3ms | ActiveRecord: 10.0ms)


Started POST "/api/users" for ::1 at 2021-02-08 17:26:48 -0800
Processing by Api::UsersController#create as JSON
  Parameters: {"user"=>{"username"=>"a1", "password"=>"[FILTERED]"}}
  [1m[35m (0.2ms)[0m  [1m[35mBEGIN[0m
  ↳ app/controllers/api/users_controller.rb:4
  [1m[36mUser Exists (0.3ms)[0m  [1m[34mSELECT  1 AS one FROM "users" WHERE "users"."username" = $1 LIMIT $2[0m  [["username", "a1"], ["LIMIT", 1]]
  ↳ app/controllers/api/users_controller.rb:4
  [1m[36mUser Exists (0.3ms)[0m  [1m[34mSELECT  1 AS one FROM "users" WHERE "users"."email" IS NULL LIMIT $1[0m  [["LIMIT", 1]]
  ↳ app/controllers/api/users_controller.rb:4
  [1m[36mUser Exists (0.3ms)[0m  [1m[34mSELECT  1 AS one FROM "users" WHERE "users"."session_token" = $1 LIMIT $2[0m  [["session_token", "C/AeC36SUsF9HcXXrNhsgQ=="], ["LIMIT", 1]]
  ↳ app/controllers/api/users_controller.rb:4
  [1m[35m (0.2ms)[0m  [1m[31mROLLBACK[0m
  ↳ app/controllers/api/users_controller.rb:4
Completed 401 Unauthorized in 222ms (Views: 0.1ms | ActiveRecord: 1.2ms)


Started GET "/" for ::1 at 2021-02-08 17:27:46 -0800
Processing by StaticPagesController#root as HTML
  Rendering static_pages/root.html.erb within layouts/application
  Rendered static_pages/root.html.erb within layouts/application (1.4ms)
Completed 200 OK in 847ms (Views: 845.0ms | ActiveRecord: 0.0ms)


Started POST "/api/users" for ::1 at 2021-02-08 17:27:50 -0800
Processing by Api::UsersController#create as JSON
  Parameters: {"user"=>{"username"=>"a1", "password"=>"[FILTERED]"}}
Completed 500 Internal Server Error in 84ms (ActiveRecord: 0.0ms)



NoMethodError - undefined method `skip_before_action' for #<Api::UsersController:0x00007fb341aded40>:
  app/controllers/api/users_controller.rb:3:in `create'

Started GET "/" for ::1 at 2021-02-08 17:28:22 -0800
Processing by StaticPagesController#root as HTML
  Rendering static_pages/root.html.erb within layouts/application
  Rendered static_pages/root.html.erb within layouts/application (5.3ms)
Completed 200 OK in 55ms (Views: 52.2ms | ActiveRecord: 0.0ms)


Started POST "/api/users" for ::1 at 2021-02-08 17:28:24 -0800
Processing by Api::UsersController#create as JSON
  Parameters: {"user"=>{"username"=>"a1", "password"=>"[FILTERED]"}}
  [1m[35m (0.2ms)[0m  [1m[35mBEGIN[0m
  ↳ app/controllers/api/users_controller.rb:4
  [1m[36mUser Exists (0.4ms)[0m  [1m[34mSELECT  1 AS one FROM "users" WHERE "users"."username" = $1 LIMIT $2[0m  [["username", "a1"], ["LIMIT", 1]]
  ↳ app/controllers/api/users_controller.rb:4
  [1m[36mUser Exists (0.3ms)[0m  [1m[34mSELECT  1 AS one FROM "users" WHERE "users"."email" IS NULL LIMIT $1[0m  [["LIMIT", 1]]
  ↳ app/controllers/api/users_controller.rb:4
  [1m[36mUser Exists (0.3ms)[0m  [1m[34mSELECT  1 AS one FROM "users" WHERE "users"."session_token" = $1 LIMIT $2[0m  [["session_token", "dUB5Bcyy5k2pCVs/Y0n34A=="], ["LIMIT", 1]]
  ↳ app/controllers/api/users_controller.rb:4
  [1m[35m (0.1ms)[0m  [1m[31mROLLBACK[0m
  ↳ app/controllers/api/users_controller.rb:4
Completed 401 Unauthorized in 240ms (Views: 0.1ms | ActiveRecord: 8.0ms)


Started GET "/" for ::1 at 2021-02-08 17:29:35 -0800
Processing by StaticPagesController#root as HTML
  Rendering static_pages/root.html.erb within layouts/application
  Rendered static_pages/root.html.erb within layouts/application (1.1ms)
Completed 200 OK in 105ms (Views: 100.9ms | ActiveRecord: 0.0ms)


Started POST "/api/users" for ::1 at 2021-02-08 17:29:40 -0800
Processing by Api::UsersController#create as JSON
  Parameters: {"user"=>{"username"=>"a1", "password"=>"[FILTERED]"}}
  [1m[35m (0.2ms)[0m  [1m[35mBEGIN[0m
  ↳ app/controllers/api/users_controller.rb:4
  [1m[36mUser Exists (0.3ms)[0m  [1m[34mSELECT  1 AS one FROM "users" WHERE "users"."username" = $1 LIMIT $2[0m  [["username", "a1"], ["LIMIT", 1]]
  ↳ app/controllers/api/users_controller.rb:4
  [1m[36mUser Exists (0.3ms)[0m  [1m[34mSELECT  1 AS one FROM "users" WHERE "users"."email" IS NULL LIMIT $1[0m  [["LIMIT", 1]]
  ↳ app/controllers/api/users_controller.rb:4
  [1m[36mUser Exists (0.4ms)[0m  [1m[34mSELECT  1 AS one FROM "users" WHERE "users"."session_token" = $1 LIMIT $2[0m  [["session_token", "+7B6oUozsTQ1r2OT0CadXQ=="], ["LIMIT", 1]]
  ↳ app/controllers/api/users_controller.rb:4
  [1m[35m (0.2ms)[0m  [1m[31mROLLBACK[0m
  ↳ app/controllers/api/users_controller.rb:4
Completed 401 Unauthorized in 228ms (Views: 1.0ms | ActiveRecord: 1.4ms)


Started GET "/" for ::1 at 2021-02-08 17:32:10 -0800
Processing by StaticPagesController#root as HTML
  Rendering static_pages/root.html.erb within layouts/application
  Rendered static_pages/root.html.erb within layouts/application (1.4ms)
Completed 200 OK in 92ms (Views: 84.5ms | ActiveRecord: 0.0ms)


Started POST "/api/users" for ::1 at 2021-02-08 17:32:13 -0800
Processing by Api::UsersController#create as JSON
  Parameters: {"user"=>{"username"=>"a1", "password"=>"[FILTERED]"}}
  [1m[35m (0.2ms)[0m  [1m[35mBEGIN[0m
  ↳ app/controllers/api/users_controller.rb:4
  [1m[36mUser Exists (0.8ms)[0m  [1m[34mSELECT  1 AS one FROM "users" WHERE "users"."username" = $1 LIMIT $2[0m  [["username", "a1"], ["LIMIT", 1]]
  ↳ app/controllers/api/users_controller.rb:4
  [1m[36mUser Exists (0.4ms)[0m  [1m[34mSELECT  1 AS one FROM "users" WHERE "users"."email" IS NULL LIMIT $1[0m  [["LIMIT", 1]]
  ↳ app/controllers/api/users_controller.rb:4
  [1m[36mUser Exists (1.1ms)[0m  [1m[34mSELECT  1 AS one FROM "users" WHERE "users"."session_token" = $1 LIMIT $2[0m  [["session_token", "50mNqdf5cMrvkeZnBin5Cw=="], ["LIMIT", 1]]
  ↳ app/controllers/api/users_controller.rb:4
  [1m[35m (0.2ms)[0m  [1m[31mROLLBACK[0m
  ↳ app/controllers/api/users_controller.rb:4
Completed 401 Unauthorized in 231ms (Views: 0.2ms | ActiveRecord: 2.8ms)


Started POST "/api/users" for ::1 at 2021-02-08 17:32:30 -0800
Processing by Api::UsersController#create as JSON
  Parameters: {"user"=>{"username"=>"a4", "password"=>"[FILTERED]"}}
  [1m[35m (0.2ms)[0m  [1m[35mBEGIN[0m
  ↳ app/controllers/api/users_controller.rb:4
  [1m[36mUser Exists (0.6ms)[0m  [1m[34mSELECT  1 AS one FROM "users" WHERE "users"."username" = $1 LIMIT $2[0m  [["username", "a4"], ["LIMIT", 1]]
  ↳ app/controllers/api/users_controller.rb:4
  [1m[36mUser Exists (0.4ms)[0m  [1m[34mSELECT  1 AS one FROM "users" WHERE "users"."email" IS NULL LIMIT $1[0m  [["LIMIT", 1]]
  ↳ app/controllers/api/users_controller.rb:4
  [1m[36mUser Exists (0.2ms)[0m  [1m[34mSELECT  1 AS one FROM "users" WHERE "users"."session_token" = $1 LIMIT $2[0m  [["session_token", "15w5tx0hiU7hGoE5jjSy8A=="], ["LIMIT", 1]]
  ↳ app/controllers/api/users_controller.rb:4
  [1m[35m (0.1ms)[0m  [1m[31mROLLBACK[0m
  ↳ app/controllers/api/users_controller.rb:4
Completed 401 Unauthorized in 225ms (Views: 0.1ms | ActiveRecord: 1.6ms)


Started GET "/" for ::1 at 2021-02-08 17:32:59 -0800
Processing by StaticPagesController#root as HTML
  Rendering static_pages/root.html.erb within layouts/application
  Rendered static_pages/root.html.erb within layouts/application (0.5ms)
Completed 200 OK in 55ms (Views: 52.5ms | ActiveRecord: 0.0ms)


Started POST "/api/users" for ::1 at 2021-02-08 17:33:02 -0800
Processing by Api::UsersController#create as JSON
  Parameters: {"user"=>{"username"=>"a4", "password"=>"[FILTERED]"}}
  [1m[35m (0.2ms)[0m  [1m[35mBEGIN[0m
  ↳ app/controllers/api/users_controller.rb:4
  [1m[36mUser Exists (0.5ms)[0m  [1m[34mSELECT  1 AS one FROM "users" WHERE "users"."username" = $1 LIMIT $2[0m  [["username", "a4"], ["LIMIT", 1]]
  ↳ app/controllers/api/users_controller.rb:4
  [1m[36mUser Exists (0.3ms)[0m  [1m[34mSELECT  1 AS one FROM "users" WHERE "users"."email" IS NULL LIMIT $1[0m  [["LIMIT", 1]]
  ↳ app/controllers/api/users_controller.rb:4
  [1m[36mUser Exists (0.3ms)[0m  [1m[34mSELECT  1 AS one FROM "users" WHERE "users"."session_token" = $1 LIMIT $2[0m  [["session_token", "HhA25+alt8gmSMrLjSpQtw=="], ["LIMIT", 1]]
  ↳ app/controllers/api/users_controller.rb:4
  [1m[35m (0.2ms)[0m  [1m[31mROLLBACK[0m
  ↳ app/controllers/api/users_controller.rb:4
Completed 422 Unprocessable Entity in 252ms (ActiveRecord: 11.7ms)



ActiveRecord::RecordInvalid - Validation failed: Email can't be blank:
  app/controllers/api/users_controller.rb:4:in `create'

  [1m[36mUser Load (0.9ms)[0m  [1m[34mSELECT "users".* FROM "users"[0m
Started POST "/api/users" for ::1 at 2021-02-08 17:36:20 -0800
Processing by Api::UsersController#create as JSON
  Parameters: {"user"=>{"username"=>"a4", "password"=>"[FILTERED]", "email"=>"a4"}}
  [1m[35m (0.2ms)[0m  [1m[35mBEGIN[0m
  ↳ app/controllers/api/users_controller.rb:4
  [1m[36mUser Exists (0.4ms)[0m  [1m[34mSELECT  1 AS one FROM "users" WHERE "users"."username" = $1 LIMIT $2[0m  [["username", "a4"], ["LIMIT", 1]]
  ↳ app/controllers/api/users_controller.rb:4
  [1m[36mUser Exists (0.3ms)[0m  [1m[34mSELECT  1 AS one FROM "users" WHERE "users"."email" = $1 LIMIT $2[0m  [["email", "a4"], ["LIMIT", 1]]
  ↳ app/controllers/api/users_controller.rb:4
  [1m[36mUser Exists (0.3ms)[0m  [1m[34mSELECT  1 AS one FROM "users" WHERE "users"."session_token" = $1 LIMIT $2[0m  [["session_token", "08ZsEUZ7a5K9WYSVRxl7Hg=="], ["LIMIT", 1]]
  ↳ app/controllers/api/users_controller.rb:4
  [1m[36mUser Create (3.6ms)[0m  [1m[32mINSERT INTO "users" ("username", "email", "password_digest", "session_token", "created_at", "updated_at") VALUES ($1, $2, $3, $4, $5, $6) RETURNING "id"[0m  [["username", "a4"], ["email", "a4"], ["password_digest", "$2a$12$zdJpOL95SCVVI3EOE0Gq.uCAXY9xrR2tICItnepurJdKAdtSc1cv6"], ["session_token", "08ZsEUZ7a5K9WYSVRxl7Hg=="], ["created_at", "2021-02-09 01:36:20.375799"], ["updated_at", "2021-02-09 01:36:20.375799"]]
  ↳ app/controllers/api/users_controller.rb:4
  [1m[35m (1.1ms)[0m  [1m[35mCOMMIT[0m
  ↳ app/controllers/api/users_controller.rb:4
Completed 500 Internal Server Error in 372ms (ActiveRecord: 11.8ms)



NoMethodError - undefined method `login!' for #<Api::UsersController:0x00007fb337e78f50>
Did you mean?  logged_in?:
  app/controllers/api/users_controller.rb:5:in `create'

Started GET "/" for ::1 at 2021-02-08 17:37:12 -0800
Processing by StaticPagesController#root as HTML
  Rendering static_pages/root.html.erb within layouts/application
  Rendered static_pages/root.html.erb within layouts/application (0.4ms)
Completed 200 OK in 29ms (Views: 26.3ms | ActiveRecord: 0.0ms)


Started POST "/api/users" for ::1 at 2021-02-08 17:37:14 -0800
Processing by Api::UsersController#create as JSON
  Parameters: {"user"=>{"username"=>"a4", "password"=>"[FILTERED]", "email"=>"a4"}}
  [1m[35m (0.2ms)[0m  [1m[35mBEGIN[0m
  ↳ app/controllers/api/users_controller.rb:4
  [1m[36mUser Exists (0.4ms)[0m  [1m[34mSELECT  1 AS one FROM "users" WHERE "users"."username" = $1 LIMIT $2[0m  [["username", "a4"], ["LIMIT", 1]]
  ↳ app/controllers/api/users_controller.rb:4
  [1m[36mUser Exists (0.4ms)[0m  [1m[34mSELECT  1 AS one FROM "users" WHERE "users"."email" = $1 LIMIT $2[0m  [["email", "a4"], ["LIMIT", 1]]
  ↳ app/controllers/api/users_controller.rb:4
  [1m[36mUser Exists (0.3ms)[0m  [1m[34mSELECT  1 AS one FROM "users" WHERE "users"."session_token" = $1 LIMIT $2[0m  [["session_token", "dDvoOeCG4/QWtkGe7V0ZQw=="], ["LIMIT", 1]]
  ↳ app/controllers/api/users_controller.rb:4
  [1m[35m (0.2ms)[0m  [1m[31mROLLBACK[0m
  ↳ app/controllers/api/users_controller.rb:4
Completed 401 Unauthorized in 257ms (Views: 0.2ms | ActiveRecord: 13.8ms)


Started GET "/" for ::1 at 2021-02-08 17:37:21 -0800
Processing by StaticPagesController#root as HTML
  Rendering static_pages/root.html.erb within layouts/application
  Rendered static_pages/root.html.erb within layouts/application (0.7ms)
Completed 200 OK in 39ms (Views: 36.0ms | ActiveRecord: 0.0ms)


Started POST "/api/users" for ::1 at 2021-02-08 17:37:24 -0800
Processing by Api::UsersController#create as JSON
  Parameters: {"user"=>{"username"=>"a4", "password"=>"[FILTERED]", "email"=>"a4"}}
  [1m[35m (0.2ms)[0m  [1m[35mBEGIN[0m
  ↳ app/controllers/api/users_controller.rb:4
  [1m[36mUser Exists (0.3ms)[0m  [1m[34mSELECT  1 AS one FROM "users" WHERE "users"."username" = $1 LIMIT $2[0m  [["username", "a4"], ["LIMIT", 1]]
  ↳ app/controllers/api/users_controller.rb:4
  [1m[36mUser Exists (0.3ms)[0m  [1m[34mSELECT  1 AS one FROM "users" WHERE "users"."email" = $1 LIMIT $2[0m  [["email", "a4"], ["LIMIT", 1]]
  ↳ app/controllers/api/users_controller.rb:4
  [1m[36mUser Exists (0.3ms)[0m  [1m[34mSELECT  1 AS one FROM "users" WHERE "users"."session_token" = $1 LIMIT $2[0m  [["session_token", "7vtzMkVv8zjCEM/VnVQQcg=="], ["LIMIT", 1]]
  ↳ app/controllers/api/users_controller.rb:4
  [1m[35m (0.1ms)[0m  [1m[31mROLLBACK[0m
  ↳ app/controllers/api/users_controller.rb:4
Completed 401 Unauthorized in 218ms (Views: 0.1ms | ActiveRecord: 1.2ms)


Started GET "/" for ::1 at 2021-02-08 17:37:40 -0800
Processing by StaticPagesController#root as HTML
  Rendering static_pages/root.html.erb within layouts/application
  Rendered static_pages/root.html.erb within layouts/application (0.5ms)
Completed 200 OK in 61ms (Views: 56.6ms | ActiveRecord: 0.0ms)


  [1m[35m (0.4ms)[0m  [1m[35mBEGIN[0m
  [1m[36mUser Exists (1.5ms)[0m  [1m[34mSELECT  1 AS one FROM "users" WHERE "users"."username" = $1 LIMIT $2[0m  [["username", "a4"], ["LIMIT", 1]]
  [1m[36mUser Exists (0.4ms)[0m  [1m[34mSELECT  1 AS one FROM "users" WHERE "users"."email" = $1 LIMIT $2[0m  [["email", "a4"], ["LIMIT", 1]]
  [1m[36mUser Exists (0.4ms)[0m  [1m[34mSELECT  1 AS one FROM "users" WHERE "users"."session_token" = $1 LIMIT $2[0m  [["session_token", "NEpZQnQqA7nLezJpgpus9w=="], ["LIMIT", 1]]
  [1m[35m (0.3ms)[0m  [1m[31mROLLBACK[0m
  [1m[35m (0.2ms)[0m  [1m[35mBEGIN[0m
  [1m[36mUser Exists (0.4ms)[0m  [1m[34mSELECT  1 AS one FROM "users" WHERE "users"."username" = $1 LIMIT $2[0m  [["username", "a5"], ["LIMIT", 1]]
  [1m[36mUser Exists (0.3ms)[0m  [1m[34mSELECT  1 AS one FROM "users" WHERE "users"."email" = $1 LIMIT $2[0m  [["email", "a5"], ["LIMIT", 1]]
  [1m[36mUser Exists (0.3ms)[0m  [1m[34mSELECT  1 AS one FROM "users" WHERE "users"."session_token" = $1 LIMIT $2[0m  [["session_token", "B+Maek/MKvmSq2pChCo9fQ=="], ["LIMIT", 1]]
  [1m[36mUser Create (0.6ms)[0m  [1m[32mINSERT INTO "users" ("username", "email", "password_digest", "session_token", "created_at", "updated_at") VALUES ($1, $2, $3, $4, $5, $6) RETURNING "id"[0m  [["username", "a5"], ["email", "a5"], ["password_digest", "$2a$12$XmF5kDtmQ1kHCfmTqji5BOjgx0h36EcCAZGv4F5RbJOq28vC9/8Oi"], ["session_token", "B+Maek/MKvmSq2pChCo9fQ=="], ["created_at", "2021-02-09 01:39:03.512600"], ["updated_at", "2021-02-09 01:39:03.512600"]]
  [1m[35m (0.7ms)[0m  [1m[35mCOMMIT[0m
  [1m[36mUser Load (0.5ms)[0m  [1m[34mSELECT "users".* FROM "users"[0m
Started GET "/" for ::1 at 2021-02-08 17:39:19 -0800
Processing by StaticPagesController#root as HTML
  Rendering static_pages/root.html.erb within layouts/application
  Rendered static_pages/root.html.erb within layouts/application (0.4ms)
Completed 200 OK in 40ms (Views: 36.7ms | ActiveRecord: 0.0ms)


Started POST "/api/users" for ::1 at 2021-02-08 17:39:22 -0800
Processing by Api::UsersController#create as JSON
  Parameters: {"user"=>{"username"=>"a4", "password"=>"[FILTERED]", "email"=>"a4"}}
  [1m[35m (0.2ms)[0m  [1m[35mBEGIN[0m
  ↳ app/controllers/api/users_controller.rb:4
  [1m[36mUser Exists (0.9ms)[0m  [1m[34mSELECT  1 AS one FROM "users" WHERE "users"."username" = $1 LIMIT $2[0m  [["username", "a4"], ["LIMIT", 1]]
  ↳ app/controllers/api/users_controller.rb:4
  [1m[36mUser Exists (0.3ms)[0m  [1m[34mSELECT  1 AS one FROM "users" WHERE "users"."email" = $1 LIMIT $2[0m  [["email", "a4"], ["LIMIT", 1]]
  ↳ app/controllers/api/users_controller.rb:4
  [1m[36mUser Exists (0.4ms)[0m  [1m[34mSELECT  1 AS one FROM "users" WHERE "users"."session_token" = $1 LIMIT $2[0m  [["session_token", "gLmOdXKGF8BMVWDEgN8b+g=="], ["LIMIT", 1]]
  ↳ app/controllers/api/users_controller.rb:4
  [1m[35m (0.2ms)[0m  [1m[31mROLLBACK[0m
  ↳ app/controllers/api/users_controller.rb:4
Completed 401 Unauthorized in 220ms (Views: 0.2ms | ActiveRecord: 1.9ms)


Started POST "/api/users" for ::1 at 2021-02-08 17:39:36 -0800
Processing by Api::UsersController#create as JSON
  Parameters: {"user"=>{"username"=>"a6", "password"=>"[FILTERED]", "email"=>"a6"}}
  [1m[35m (0.3ms)[0m  [1m[35mBEGIN[0m
  ↳ app/controllers/api/users_controller.rb:4
  [1m[36mUser Exists (0.3ms)[0m  [1m[34mSELECT  1 AS one FROM "users" WHERE "users"."username" = $1 LIMIT $2[0m  [["username", "a6"], ["LIMIT", 1]]
  ↳ app/controllers/api/users_controller.rb:4
  [1m[36mUser Exists (0.2ms)[0m  [1m[34mSELECT  1 AS one FROM "users" WHERE "users"."email" = $1 LIMIT $2[0m  [["email", "a6"], ["LIMIT", 1]]
  ↳ app/controllers/api/users_controller.rb:4
  [1m[36mUser Exists (0.3ms)[0m  [1m[34mSELECT  1 AS one FROM "users" WHERE "users"."session_token" = $1 LIMIT $2[0m  [["session_token", "KO4NcSG91q2jdixCWjGOhQ=="], ["LIMIT", 1]]
  ↳ app/controllers/api/users_controller.rb:4
  [1m[36mUser Create (0.4ms)[0m  [1m[32mINSERT INTO "users" ("username", "email", "password_digest", "session_token", "created_at", "updated_at") VALUES ($1, $2, $3, $4, $5, $6) RETURNING "id"[0m  [["username", "a6"], ["email", "a6"], ["password_digest", "$2a$12$keX7TJk8jFLqQRuAiXPukOIlEP0HVaR4orElxTUDli1YTj4Ofr17i"], ["session_token", "KO4NcSG91q2jdixCWjGOhQ=="], ["created_at", "2021-02-09 01:39:36.431893"], ["updated_at", "2021-02-09 01:39:36.431893"]]
  ↳ app/controllers/api/users_controller.rb:4
  [1m[35m (0.6ms)[0m  [1m[35mCOMMIT[0m
  ↳ app/controllers/api/users_controller.rb:4
Completed 500 Internal Server Error in 226ms (ActiveRecord: 2.1ms)



NoMethodError - undefined method `reset_session_token' for #<User:0x00007fb337f015a8>
Did you mean?  reset_session_token!
               ensure_session_token
               restore_session_token!:
  app/controllers/application_controller.rb:14:in `login!'
  app/controllers/api/users_controller.rb:5:in `create'

  [1m[36mUser Load (0.5ms)[0m  [1m[34mSELECT "users".* FROM "users"[0m
Started GET "/" for ::1 at 2021-02-08 17:40:51 -0800
Processing by StaticPagesController#root as HTML
  Rendering static_pages/root.html.erb within layouts/application
  Rendered static_pages/root.html.erb within layouts/application (0.6ms)
Completed 200 OK in 51ms (Views: 47.4ms | ActiveRecord: 0.0ms)


Started POST "/api/users" for ::1 at 2021-02-08 17:41:01 -0800
Processing by Api::UsersController#create as JSON
  Parameters: {"user"=>{"username"=>"a7", "password"=>"[FILTERED]", "email"=>"a7"}}
  [1m[35m (0.2ms)[0m  [1m[35mBEGIN[0m
  ↳ app/controllers/api/users_controller.rb:4
  [1m[36mUser Exists (0.4ms)[0m  [1m[34mSELECT  1 AS one FROM "users" WHERE "users"."username" = $1 LIMIT $2[0m  [["username", "a7"], ["LIMIT", 1]]
  ↳ app/controllers/api/users_controller.rb:4
  [1m[36mUser Exists (0.4ms)[0m  [1m[34mSELECT  1 AS one FROM "users" WHERE "users"."email" = $1 LIMIT $2[0m  [["email", "a7"], ["LIMIT", 1]]
  ↳ app/controllers/api/users_controller.rb:4
  [1m[36mUser Exists (0.3ms)[0m  [1m[34mSELECT  1 AS one FROM "users" WHERE "users"."session_token" = $1 LIMIT $2[0m  [["session_token", "08CpX0JIhF1xTAEXFPKvOg=="], ["LIMIT", 1]]
  ↳ app/controllers/api/users_controller.rb:4
  [1m[36mUser Create (0.4ms)[0m  [1m[32mINSERT INTO "users" ("username", "email", "password_digest", "session_token", "created_at", "updated_at") VALUES ($1, $2, $3, $4, $5, $6) RETURNING "id"[0m  [["username", "a7"], ["email", "a7"], ["password_digest", "$2a$12$hmiTKqfolrKjz0HQyGbilut62n48gKMv2P5qsI5rz9fVhgJJ9GK.y"], ["session_token", "08CpX0JIhF1xTAEXFPKvOg=="], ["created_at", "2021-02-09 01:41:01.918735"], ["updated_at", "2021-02-09 01:41:01.918735"]]
  ↳ app/controllers/api/users_controller.rb:4
  [1m[35m (0.6ms)[0m  [1m[35mCOMMIT[0m
  ↳ app/controllers/api/users_controller.rb:4
  [1m[35m (0.4ms)[0m  [1m[35mBEGIN[0m
  ↳ app/models/user.rb:30
  [1m[36mUser Exists (1.4ms)[0m  [1m[34mSELECT  1 AS one FROM "users" WHERE "users"."username" = $1 AND "users"."id" != $2 LIMIT $3[0m  [["username", "a7"], ["id", 4], ["LIMIT", 1]]
  ↳ app/models/user.rb:30
  [1m[36mUser Exists (1.1ms)[0m  [1m[34mSELECT  1 AS one FROM "users" WHERE "users"."email" = $1 AND "users"."id" != $2 LIMIT $3[0m  [["email", "a7"], ["id", 4], ["LIMIT", 1]]
  ↳ app/models/user.rb:30
  [1m[36mUser Exists (0.5ms)[0m  [1m[34mSELECT  1 AS one FROM "users" WHERE "users"."session_token" = $1 AND "users"."id" != $2 LIMIT $3[0m  [["session_token", "T+HyxgeESStfzI1x99piLw=="], ["id", 4], ["LIMIT", 1]]
  ↳ app/models/user.rb:30
  [1m[36mUser Update (4.0ms)[0m  [1m[33mUPDATE "users" SET "session_token" = $1, "updated_at" = $2 WHERE "users"."id" = $3[0m  [["session_token", "T+HyxgeESStfzI1x99piLw=="], ["updated_at", "2021-02-09 01:41:01.931824"], ["id", 4]]
  ↳ app/models/user.rb:30
  [1m[35m (0.6ms)[0m  [1m[35mCOMMIT[0m
  ↳ app/models/user.rb:30
  Rendering api/users/show.json.jbuilder
  Rendered api/users/show.json.jbuilder (0.6ms)
Completed 200 OK in 275ms (Views: 9.3ms | ActiveRecord: 22.4ms)


Started DELETE "/api/session" for ::1 at 2021-02-08 17:42:44 -0800
  [1m[35m (0.8ms)[0m  [1m[34mSELECT "schema_migrations"."version" FROM "schema_migrations" ORDER BY "schema_migrations"."version" ASC[0m
  ↳ /Users/andrewcurd/.rbenv/versions/2.5.1/lib/ruby/gems/2.5.0/gems/activerecord-5.2.4.4/lib/active_record/log_subscriber.rb:98

ActionController::RoutingError - uninitialized constant Api::SessionsController:

Started POST "/api/session" for ::1 at 2021-02-08 17:45:41 -0800

ActionController::RoutingError - uninitialized constant Api::SessionsController:

Started GET "/" for ::1 at 2021-02-08 17:49:59 -0800
Processing by StaticPagesController#root as HTML
  Rendering static_pages/root.html.erb within layouts/application
  Rendered static_pages/root.html.erb within layouts/application (1.7ms)
Completed 200 OK in 1031ms (Views: 1028.5ms | ActiveRecord: 0.0ms)


Started GET "/" for ::1 at 2021-02-08 17:50:44 -0800
Processing by StaticPagesController#root as HTML
  Rendering static_pages/root.html.erb within layouts/application
  Rendered static_pages/root.html.erb within layouts/application (1.0ms)
Completed 200 OK in 55ms (Views: 52.2ms | ActiveRecord: 0.0ms)


Started POST "/api/session" for ::1 at 2021-02-08 17:50:49 -0800

ActionController::RoutingError - uninitialized constant Api::SessionsController:

Started GET "/" for ::1 at 2021-02-08 17:51:10 -0800
  [1m[35m (1.4ms)[0m  [1m[34mSELECT "schema_migrations"."version" FROM "schema_migrations" ORDER BY "schema_migrations"."version" ASC[0m
  ↳ /Users/andrewcurd/.rbenv/versions/2.5.1/lib/ruby/gems/2.5.0/gems/activerecord-5.2.4.4/lib/active_record/log_subscriber.rb:98
Processing by StaticPagesController#root as HTML
  Rendering static_pages/root.html.erb within layouts/application
  Rendered static_pages/root.html.erb within layouts/application (1.7ms)
Completed 200 OK in 739ms (Views: 736.4ms | ActiveRecord: 0.0ms)


Started POST "/api/session" for ::1 at 2021-02-08 17:51:13 -0800

ActionController::RoutingError - uninitialized constant Api::SessionsController:

Started GET "/" for ::1 at 2021-02-08 17:51:38 -0800
Processing by StaticPagesController#root as HTML
  Rendering static_pages/root.html.erb within layouts/application
  Rendered static_pages/root.html.erb within layouts/application (0.3ms)
Completed 200 OK in 32ms (Views: 29.0ms | ActiveRecord: 0.0ms)


Started POST "/api/session" for ::1 at 2021-02-08 17:51:44 -0800

ActionController::RoutingError - uninitialized constant Api::SessionsController:

Started GET "/" for ::1 at 2021-02-08 17:52:18 -0800
Processing by StaticPagesController#root as HTML
  Rendering static_pages/root.html.erb within layouts/application
  Rendered static_pages/root.html.erb within layouts/application (0.3ms)
Completed 200 OK in 32ms (Views: 29.0ms | ActiveRecord: 0.0ms)


Started POST "/api/session" for ::1 at 2021-02-08 17:52:21 -0800
Processing by Api::SessionsController#create as JSON
  Parameters: {"username"=>"a4", "password"=>"[FILTERED]"}
Completed 500 Internal Server Error in 5ms (ActiveRecord: 0.0ms)



NoMethodError - undefined method `[]' for nil:NilClass:
  app/controllers/api/sessions_controller.rb:3:in `create'

Started POST "/api/session" for ::1 at 2021-02-08 17:53:13 -0800
Processing by Api::SessionsController#create as JSON
  Parameters: {"user"=>{"username"=>"a4", "password"=>"[FILTERED]"}}
  [1m[36mUser Load (0.9ms)[0m  [1m[34mSELECT  "users".* FROM "users" WHERE "users"."username" IS NULL LIMIT $1[0m  [["LIMIT", 1]]
  ↳ app/models/user.rb:13
Completed 401 Unauthorized in 20ms (Views: 0.3ms | ActiveRecord: 5.4ms)


Started GET "/" for ::1 at 2021-02-08 17:54:53 -0800
Processing by StaticPagesController#root as HTML
  Rendering static_pages/root.html.erb within layouts/application
  Rendered static_pages/root.html.erb within layouts/application (0.6ms)
Completed 200 OK in 60ms (Views: 57.3ms | ActiveRecord: 0.0ms)


Started POST "/api/session" for ::1 at 2021-02-08 17:54:56 -0800
Processing by Api::SessionsController#create as JSON
  Parameters: {"user"=>{"username"=>"a4", "password"=>"[FILTERED]"}}
  [1m[36mUser Load (0.5ms)[0m  [1m[34mSELECT  "users".* FROM "users" WHERE "users"."username" = $1 LIMIT $2[0m  [["username", "a4"], ["LIMIT", 1]]
  ↳ app/models/user.rb:13
Completed 500 Internal Server Error in 40ms (ActiveRecord: 10.1ms)



NoMethodError - undefined method `is_password?' for #<Class:0x00007fd318115060>:
  app/models/user.rb:14:in `find_by_credentials'
  app/controllers/api/sessions_controller.rb:3:in `create'

Started GET "/" for ::1 at 2021-02-08 17:56:28 -0800
Processing by StaticPagesController#root as HTML
  Rendering static_pages/root.html.erb within layouts/application
  Rendered static_pages/root.html.erb within layouts/application (0.8ms)
Completed 200 OK in 43ms (Views: 40.0ms | ActiveRecord: 0.0ms)


Started POST "/api/session" for ::1 at 2021-02-08 17:56:31 -0800
Processing by Api::SessionsController#create as JSON
  Parameters: {"user"=>{"username"=>"a4", "password"=>"[FILTERED]"}}
  [1m[36mUser Load (0.4ms)[0m  [1m[34mSELECT  "users".* FROM "users" WHERE "users"."username" = $1 LIMIT $2[0m  [["username", "a4"], ["LIMIT", 1]]
  ↳ app/models/user.rb:13
  [1m[35m (0.2ms)[0m  [1m[35mBEGIN[0m
  ↳ app/models/user.rb:30
  [1m[36mUser Exists (0.7ms)[0m  [1m[34mSELECT  1 AS one FROM "users" WHERE "users"."username" = $1 AND "users"."id" != $2 LIMIT $3[0m  [["username", "a4"], ["id", 1], ["LIMIT", 1]]
  ↳ app/models/user.rb:30
  [1m[36mUser Exists (0.3ms)[0m  [1m[34mSELECT  1 AS one FROM "users" WHERE "users"."email" = $1 AND "users"."id" != $2 LIMIT $3[0m  [["email", "a4"], ["id", 1], ["LIMIT", 1]]
  ↳ app/models/user.rb:30
  [1m[36mUser Exists (0.3ms)[0m  [1m[34mSELECT  1 AS one FROM "users" WHERE "users"."session_token" = $1 AND "users"."id" != $2 LIMIT $3[0m  [["session_token", "p7JEQEzX+U3BflecvBX4wA=="], ["id", 1], ["LIMIT", 1]]
  ↳ app/models/user.rb:30
  [1m[36mUser Update (2.1ms)[0m  [1m[33mUPDATE "users" SET "session_token" = $1, "updated_at" = $2 WHERE "users"."id" = $3[0m  [["session_token", "p7JEQEzX+U3BflecvBX4wA=="], ["updated_at", "2021-02-09 01:56:31.303269"], ["id", 1]]
  ↳ app/models/user.rb:30
  [1m[35m (1.7ms)[0m  [1m[35mCOMMIT[0m
  ↳ app/models/user.rb:30
  Rendering api/users/show.json.jbuilder
  Rendered api/users/show.json.jbuilder (1.0ms)
Completed 200 OK in 255ms (Views: 7.9ms | ActiveRecord: 13.7ms)


Started DELETE "/api/session" for ::1 at 2021-02-08 17:56:55 -0800
Processing by Api::SessionsController#destroy as JSON
  [1m[36mUser Load (0.7ms)[0m  [1m[34mSELECT  "users".* FROM "users" WHERE "users"."session_token" = $1 LIMIT $2[0m  [["session_token", "p7JEQEzX+U3BflecvBX4wA=="], ["LIMIT", 1]]
  ↳ app/controllers/application_controller.rb:6
Completed 500 Internal Server Error in 20ms (ActiveRecord: 0.7ms)



NoMethodError - undefined method `reset_session_token' for #<User:0x00007fd319aa6da8>
Did you mean?  reset_session_token!
               ensure_session_token
               restore_session_token!:
  app/controllers/application_controller.rb:19:in `logout!'
  app/controllers/api/sessions_controller.rb:18:in `destroy'

Started GET "/" for ::1 at 2021-02-08 17:57:16 -0800
Processing by StaticPagesController#root as HTML
  Rendering static_pages/root.html.erb within layouts/application
  Rendered static_pages/root.html.erb within layouts/application (0.8ms)
Completed 200 OK in 45ms (Views: 42.5ms | ActiveRecord: 0.0ms)


Started DELETE "/api/session" for ::1 at 2021-02-08 17:57:19 -0800
Processing by Api::SessionsController#destroy as JSON
  [1m[36mUser Load (1.5ms)[0m  [1m[34mSELECT  "users".* FROM "users" WHERE "users"."session_token" = $1 LIMIT $2[0m  [["session_token", "p7JEQEzX+U3BflecvBX4wA=="], ["LIMIT", 1]]
  ↳ app/controllers/application_controller.rb:6
  [1m[35m (0.3ms)[0m  [1m[35mBEGIN[0m
  ↳ app/models/user.rb:30
  [1m[36mUser Exists (0.6ms)[0m  [1m[34mSELECT  1 AS one FROM "users" WHERE "users"."username" = $1 AND "users"."id" != $2 LIMIT $3[0m  [["username", "a4"], ["id", 1], ["LIMIT", 1]]
  ↳ app/models/user.rb:30
  [1m[36mUser Exists (0.7ms)[0m  [1m[34mSELECT  1 AS one FROM "users" WHERE "users"."email" = $1 AND "users"."id" != $2 LIMIT $3[0m  [["email", "a4"], ["id", 1], ["LIMIT", 1]]
  ↳ app/models/user.rb:30
  [1m[36mUser Exists (0.6ms)[0m  [1m[34mSELECT  1 AS one FROM "users" WHERE "users"."session_token" = $1 AND "users"."id" != $2 LIMIT $3[0m  [["session_token", "yMqImm0o3uC+Y5/EHvLCcA=="], ["id", 1], ["LIMIT", 1]]
  ↳ app/models/user.rb:30
  [1m[36mUser Update (0.6ms)[0m  [1m[33mUPDATE "users" SET "session_token" = $1, "updated_at" = $2 WHERE "users"."id" = $3[0m  [["session_token", "yMqImm0o3uC+Y5/EHvLCcA=="], ["updated_at", "2021-02-09 01:57:19.270490"], ["id", 1]]
  ↳ app/models/user.rb:30
  [1m[35m (0.7ms)[0m  [1m[35mCOMMIT[0m
  ↳ app/models/user.rb:30
Completed 200 OK in 44ms (Views: 0.3ms | ActiveRecord: 16.1ms)


Started POST "/api/session" for ::1 at 2021-02-08 17:57:22 -0800
Processing by Api::SessionsController#create as JSON
  Parameters: {"user"=>{"username"=>"a4", "password"=>"[FILTERED]"}}
  [1m[36mUser Load (0.5ms)[0m  [1m[34mSELECT  "users".* FROM "users" WHERE "users"."username" = $1 LIMIT $2[0m  [["username", "a4"], ["LIMIT", 1]]
  ↳ app/models/user.rb:13
  [1m[35m (0.2ms)[0m  [1m[35mBEGIN[0m
  ↳ app/models/user.rb:30
  [1m[36mUser Exists (0.4ms)[0m  [1m[34mSELECT  1 AS one FROM "users" WHERE "users"."username" = $1 AND "users"."id" != $2 LIMIT $3[0m  [["username", "a4"], ["id", 1], ["LIMIT", 1]]
  ↳ app/models/user.rb:30
  [1m[36mUser Exists (0.4ms)[0m  [1m[34mSELECT  1 AS one FROM "users" WHERE "users"."email" = $1 AND "users"."id" != $2 LIMIT $3[0m  [["email", "a4"], ["id", 1], ["LIMIT", 1]]
  ↳ app/models/user.rb:30
  [1m[36mUser Exists (1.6ms)[0m  [1m[34mSELECT  1 AS one FROM "users" WHERE "users"."session_token" = $1 AND "users"."id" != $2 LIMIT $3[0m  [["session_token", "R35DtpVutCJeBKI2BRVPNQ=="], ["id", 1], ["LIMIT", 1]]
  ↳ app/models/user.rb:30
  [1m[36mUser Update (0.6ms)[0m  [1m[33mUPDATE "users" SET "session_token" = $1, "updated_at" = $2 WHERE "users"."id" = $3[0m  [["session_token", "R35DtpVutCJeBKI2BRVPNQ=="], ["updated_at", "2021-02-09 01:57:23.099315"], ["id", 1]]
  ↳ app/models/user.rb:30
  [1m[35m (0.8ms)[0m  [1m[35mCOMMIT[0m
  ↳ app/models/user.rb:30
  Rendering api/users/show.json.jbuilder
  Rendered api/users/show.json.jbuilder (0.3ms)
Completed 200 OK in 230ms (Views: 5.9ms | ActiveRecord: 4.6ms)


Started DELETE "/api/session" for ::1 at 2021-02-08 17:57:25 -0800
Processing by Api::SessionsController#destroy as JSON
  [1m[36mUser Load (0.5ms)[0m  [1m[34mSELECT  "users".* FROM "users" WHERE "users"."session_token" = $1 LIMIT $2[0m  [["session_token", "R35DtpVutCJeBKI2BRVPNQ=="], ["LIMIT", 1]]
  ↳ app/controllers/application_controller.rb:6
  [1m[35m (0.1ms)[0m  [1m[35mBEGIN[0m
  ↳ app/models/user.rb:30
  [1m[36mUser Exists (0.7ms)[0m  [1m[34mSELECT  1 AS one FROM "users" WHERE "users"."username" = $1 AND "users"."id" != $2 LIMIT $3[0m  [["username", "a4"], ["id", 1], ["LIMIT", 1]]
  ↳ app/models/user.rb:30
  [1m[36mUser Exists (0.5ms)[0m  [1m[34mSELECT  1 AS one FROM "users" WHERE "users"."email" = $1 AND "users"."id" != $2 LIMIT $3[0m  [["email", "a4"], ["id", 1], ["LIMIT", 1]]
  ↳ app/models/user.rb:30
  [1m[36mUser Exists (0.6ms)[0m  [1m[34mSELECT  1 AS one FROM "users" WHERE "users"."session_token" = $1 AND "users"."id" != $2 LIMIT $3[0m  [["session_token", "vzUZVOc7VRPCaLSGnzNCsw=="], ["id", 1], ["LIMIT", 1]]
  ↳ app/models/user.rb:30
  [1m[36mUser Update (0.6ms)[0m  [1m[33mUPDATE "users" SET "session_token" = $1, "updated_at" = $2 WHERE "users"."id" = $3[0m  [["session_token", "vzUZVOc7VRPCaLSGnzNCsw=="], ["updated_at", "2021-02-09 01:57:25.027136"], ["id", 1]]
  ↳ app/models/user.rb:30
  [1m[35m (1.9ms)[0m  [1m[35mCOMMIT[0m
  ↳ app/models/user.rb:30
Completed 200 OK in 13ms (Views: 0.2ms | ActiveRecord: 4.9ms)


